[petshop.vn/index.html]
[backblue.gif]
[fade.gif]
[index.html]
[bizweb.dktcdn.net/100/147/060/themes/880570/assets/faviconb828.png]
[bizweb.dktcdn.net/100/147/060/themes/880570/assets/logob828.png]
[bizweb.dktcdn.net/100/147/060/themes/880570/assets/font.scssb828.css]
[bizweb.dktcdn.net/100/147/060/themes/880570/assets/bootstrapb828.css]
[bizweb.dktcdn.net/100/147/060/themes/880570/assets/evo-main.scssb828.css]
[bizweb.dktcdn.net/100/147/060/themes/880570/assets/evo-index.scssb828.css]
[bizweb.dktcdn.net/100/147/060/themes/880570/assets/swiper.scssb828.css]
[forms.sapoapps.vn/libs/js/surveyform.min6cbd.js]
[static.zotabox.com/6/5/65ff127d363f6362a64ec5d3e5f488d8/widgets6cbd.js]
[petshop.vn/s.d.delayed]
[petshop.vn/dist/js/stats.minb066.js]
[petshop.vn/dist/js/store_events_listener.min983a.js]
[bizweb.dktcdn.net/100/147/060/themes/880570/assets/logombb828.png]
[bizweb.dktcdn.net/100/147/060/themes/880570/assets/jqueryb828.js]
[petshop.vn/account/logina3b1.html]
[petshop.vn/account/login.html]
[petshop.vn/account/register.html]
[petshop.vn/collections/all.html]
[petshop.vn/tui-xach-balo.html]
[petshop.vn/quan-ao.html]
[petshop.vn/do-bo-tre-em.html]
[petshop.vn/non-tre-em.html]
[petshop.vn/dep.html]
[petshop.vn/phu-kien-thoi-trang.html]
[petshop.vn/quan-ao-nguoi-lon.html]
[petshop.vn/non-nguoi-lon.html]
[petshop.vn/phong-ngu.html]
[petshop.vn/bo-men-nguoi-lon.html]
[petshop.vn/goi-nam.html]
[petshop.vn/goi-om.html]
[petshop.vn/chan.html]
[petshop.vn/nem.html]
[petshop.vn/tham.html]
[petshop.vn/thu-nhoi-bong.html]
[petshop.vn/dem.html]
[petshop.vn/goi-tre-nz-485p-25x34cm-1.html]
[petshop.vn/vat-dung-nha-bep.html]
[petshop.vn/tap-de.html]
[petshop.vn/bao-tay.html]
[petshop.vn/bao-hop-khan-giay.html]
[petshop.vn/mieng-nhac-noi.html]
[petshop.vn/tui-treo-tuong.html]
[petshop.vn/do-thun-christlie.html]
[petshop.vn/hanh-trang-den-truong.html]
[petshop.vn/hanh-trang-cong-so.html]
[petshop.vn/xuan-vui-sac-mau-2023.html]
[petshop.vn/bop-vi-tui-nho.html]
[petshop.vn/goi-ke-co.html]
[petshop.vn/bop-tui-deo-bung.html]
[petshop.vn/khau-trang.html]
[petshop.vn/non-khau-trang.html]
[petshop.vn/petshop.html]
[petshop.vn/christlie.html]
[petshop.vn/gioi-thieu.html]
[petshop.vn/lien-he.html]
[bizweb.dktcdn.net/100/147/060/themes/880570/assets/slider_2b828.jpg]
[bizweb.dktcdn.net/100/147/060/themes/880570/assets/slider_2_mbb828.jpg]
[bizweb.dktcdn.net/thumb/grande/100/147/060/themes/880570/assets/slider_2b828.jpg]
[bizweb.dktcdn.net/100/147/060/themes/880570/assets/flipclockb828.js]
[petshop.vn/san-pham-noi-bat.html]
[petshop.vn/bo-chan-ga-goi-boc-hoa-kiki-kaikai-25.html]
[petshop.vn/bo-chan-ga-goi-boc-gau-grizzly-12.html]
[petshop.vn/bo-chan-ga-goi-boc-gau-grizzly-5.html]
[petshop.vn/nemmeosao-knbbms.html]
[petshop.vn/nemmeotim-knbbmt.html]
[petshop.vn/tuideocheo-lmcbg011.html]
[petshop.vn/goi-om-mickey-57.html]
[petshop.vn/khautrangtrum-lmz025.html]
[petshop.vn/goi-om-doremon-9.html]
[petshop.vn/goi-om-doremon-11.html]
[petshop.vn/frontpage.html]
[petshop.vn/tui-deo-cheo-pet-shop-lmcbg-012.html]
[petshop.vn/vo-goi-cuc-xuong-48.html]
[petshop.vn/bo-chan-ga-goi-boc-hoa-kiki-kaikai-32.html]
[petshop.vn/bo-chan-ga-goi-boc-hoa-buom-tinh-yeu-46.html]
[petshop.vn/bo-chan-ga-goi-boc-gau-grizzly-17.html]
[petshop.vn/bo-chan-ga-goi-boc-hoa-kiki-kaikai-29.html]
[petshop.vn/bo-chan-ga-goi-boc-gau-grizzly-16.html]
[petshop.vn/khan-bep-dfz-131-1.html]
[petshop.vn/khan-bep-nz-716-1.html]
[petshop.vn/tui-treo-tuong-doz-100.html]
[petshop.vn/balo-nguoi-lon-dbg-189.html]
[petshop.vn/khau-trang-dhz-036-s-m-l.html]
[petshop.vn/bop-vi-gap-dz-786.html]
[petshop.vn/ba-lo-tre-em-dbg-10m.html]
[petshop.vn/ba-lo-tre-em-dbg-556-1.html]
[petshop.vn/ba-lo-tre-em-dbg-380-1.html]
[petshop.vn/ba-lo-tre-em-dobg-148-1.html]
[petshop.vn/ba-lo-tre-em-dobg-257.html]
[petshop.vn/tin-tuc.html]
[petshop.vn/mach-ban-cach-chon-do-boi-hop-mot.html]
[petshop.vn/bi-quyet-chon-quan-jeans-nu-cai-thien-vong-3.html]
[petshop.vn/huong-dan-mua-hang.html]
[petshop.vn/quan-diem-kinh-doanh.html]
[petshop.vn/chinh-sach-doi-hang.html]
[petshop.vn/phuong-thuc-van-chuyen.html]
[bizweb.dktcdn.net/100/147/060/themes/880570/assets/api-jqueryb828.js]
[bizweb.dktcdn.net/100/147/060/themes/880570/assets/evo-index-jsb828.js]
[bizweb.dktcdn.net/thumb/large/assets/themes_support/noimage.gif]
[petshop.vn/cart.html]
[petshop.vn/index.html]
[bizweb.dktcdn.net/100/147/060/themes/880570/assets/font.scssb828.css]
[bizweb.dktcdn.net/100/147/060/themes/880570/assets/bootstrapb828.css]
[bizweb.dktcdn.net/100/147/060/themes/880570/assets/mainb828.js]
[bizweb.dktcdn.net/100/147/060/themes/880570/assets/evo-main.scssb828.css]
[bizweb.dktcdn.net/100/147/060/themes/880570/assets/evo-index.scssb828.css]
[bizweb.dktcdn.net/100/147/060/themes/880570/assets/swiper.scssb828.css]
[promotionpopup.sapoapps.vn/genscript/script6cbd.js]
[google-shopping.sapoapps.vn/conversion-tracker/global-tag/18496cbd.js]
[google-shopping.sapoapps.vn/conversion-tracker/event-tag/18496cbd.js]
[petshop.vn/s.html]
[bizweb.dktcdn.net/100/147/060/themes/880570/assets/header_promo_img_15a44.svg]
[bizweb.dktcdn.net/100/147/060/themes/880570/assets/bread-crumb.scssb828.css]
[bizweb.dktcdn.net/100/147/060/themes/880570/assets/evo-accounts.scssb828.css]
[bizweb.dktcdn.net/100/147/060/themes/880570/assets/account_order_style.scssb828.css]
[bizweb.dktcdn.net/assets/themes_support/bizweb-api.js]
[bizweb.dktcdn.net/assets/themes_support/common.js]
[petshop.vn/account/logina3b1.html]
[petshop.vn/account/login.html]
[bizweb.dktcdn.net/assets/themes_support/customer.js]
[www.google.com/recaptcha/apif78f.js]
[petshop.vn/account/register.html]
[bizweb.dktcdn.net/100/147/060/themes/880570/assets/evo-collections.scssb828.css]
[bizweb.dktcdn.net/100/147/060/themes/880570/assets/search_filterb828.js]
[petshop.vn/ao-khoac-nguoi-lon.html]
[petshop.vn/dam-bau.html]
[petshop.vn/dam-nguoi-lon.html]
[petshop.vn/do-bo-nguoi-lon.html]
[petshop.vn/quan-le-ao-le.html]
[petshop.vn/quan-ao-tre-em.html]
[petshop.vn/ao-khoac-tre-em.html]
[petshop.vn/dam-tre-em.html]
[petshop.vn/quan-ao-le-cho-tre-em.html]
[petshop.vn/bop-vi-tu-1-den-3-ngan.html]
[petshop.vn/bop-dung-but-viet.html]
[petshop.vn/bop-deo.html]
[petshop.vn/moc-chia-khoa.html]
[petshop.vn/bop-vi-gap.html]
[petshop.vn/bop-xach-tay.html]
[petshop.vn/bop-cam-tay-2-ngan-lmz-d-005.html]
[petshop.vn/bop-cam-tay-3-ngan-lmz-d-006.html]
[petshop.vn/goi-nam-tre-em-lmz-018p-xl-wi-55-x-35cm.html]
[petshop.vn/goi-nam-tre-em-lmz-014p-xl-wi-35x55cm-1.html]
[petshop.vn/goi-ca-sau-3.html]
[petshop.vn/goi-ca-sau-2.html]
[bizweb.dktcdn.net/100/147/060/themes/880570/assets/evo-collectionb828.js]
[petshop.vn/collections/all.html]
[bizweb.dktcdn.net/100/147/060/themes/880570/assets/colb828.js]
[petshop.vn/ba-lo-nguoi-lon-dbg-333-3.html]
[petshop.vn/ba-lo-tre-em-dbg-011-1.html]
[petshop.vn/ba-lo-nguoi-lon-dbg-721-1.html]
[petshop.vn/ba-lo-tre-em-bg-292.html]
[petshop.vn/balo-tre-em-dfbg-164.html]
[petshop.vn/balo-nguoi-lon-dobg-033.html]
[petshop.vn/balo-nguoi-lon-dbg-968.html]
[petshop.vn/balo-tre-em-bg-377.html]
[petshop.vn/balo-tre-em-bg-085b.html]
[petshop.vn/do-bo-tre-em-rbktb-001-8-1.html]
[petshop.vn/do-bo-tre-em-nktb-202-6.html]
[petshop.vn/do-bo-tre-em-nktb-205-8.html]
[petshop.vn/balo-tre-em-bg-385.html]
[petshop.vn/non-tre-em-doz-946m.html]
[petshop.vn/non-tre-em-noz-167m.html]
[petshop.vn/non-tre-em-toz-226s-xs-s-m-l.html]
[petshop.vn/dep-tre-em-ncz-688xxs.html]
[petshop.vn/dep-doz-952-2.html]
[petshop.vn/ncz-687-1.html]
[petshop.vn/doz-956-s.html]
[petshop.vn/dep-az-046-m.html]
[petshop.vn/khau-trang-doz-896-m.html]
[petshop.vn/tui-xach-balo.html]
[petshop.vn/khau-trang-tgz-024-m.html]
[petshop.vn/quan-dai-phu-nu-dp-011l.html]
[petshop.vn/do-bo-nguoi-lon-np-017-l.html]
[petshop.vn/ao-tre-em-dkb-027-3.html]
[petshop.vn/quan-tre-em-dkp-020-3.html]
[petshop.vn/ao-tre-em-ekb-001-6.html]
[petshop.vn/ao-yem-tre-em-koa-014-2.html]
[petshop.vn/ao-tre-em-nkb-016-4.html]
[petshop.vn/quan-tre-em-nkp-014-4.html]
[petshop.vn/ao-tre-em-nktsa-008-6.html]
[petshop.vn/ao-tre-em-nktsa-009-2.html]
[petshop.vn/do-bo-tre-em-ncktb-010-8.html]
[petshop.vn/do-bo-tre-em-rbktb-001-8.html]
[petshop.vn/khau-trang-ncz-439-s-m-l.html]
[petshop.vn/khau-trang-dhz-045-s-m-l.html]
[petshop.vn/quan-ao.html]
[petshop.vn/non-nguoi-lon-doz-935-l.html]
[petshop.vn/do-bo-tre-em-dfktb-014-3.html]
[petshop.vn/do-bo-tre-em-dfktb-015-4.html]
[petshop.vn/do-bo-tre-em-dktb-026-2.html]
[petshop.vn/do-bo-tre-em-dktb-037-3.html]
[petshop.vn/do-bo-tre-em.html]
[petshop.vn/do-bo-tre-em-dktb-048-n-3.html]
[petshop.vn/non-tre-em-nz-897s-xs-s-m-l.html]
[petshop.vn/non-tre-em-nz-439s-xs-s-m-l.html]
[petshop.vn/non-tre-em-doz-473m-xs-s-m-l.html]
[petshop.vn/non-tre-em-noz-176.html]
[petshop.vn/non-tre-em-ncz-693.html]
[petshop.vn/non-tre-em-noz-154.html]
[petshop.vn/non-tre-em.html]
[petshop.vn/ncz-682-3.html]
[petshop.vn/dep-tre-em-dfz-173-s.html]
[petshop.vn/dep-doz-723-s.html]
[petshop.vn/dep-doz-768-l.html]
[petshop.vn/dep-dz-465m.html]
[petshop.vn/dep-dz-523-s.html]
[petshop.vn/dep-dz-677-l.html]
[petshop.vn/dep.html]
[petshop.vn/dep-ncz-060-xs.html]
[petshop.vn/phu-kien-thoi-trang.html]
[petshop.vn/bop-tui-vi-xach-tay-nz-781.html]
[petshop.vn/bo-ejs-229-l.html]
[petshop.vn/dam-thun-ejs-251-l.html]
[petshop.vn/dam-thun-ejs-249-l.html]
[petshop.vn/dam-thun-ejs-248-l.html]
[petshop.vn/dam-thun-ejs-239-l.html]
[petshop.vn/dam-thun-ejs-236-l.html]
[petshop.vn/dam-thun-ms-ejs-232-l.html]
[petshop.vn/dam-thun-ms-ejs-225-l.html]
[petshop.vn/dam-thun-ms-ejs-222a-l.html]
[petshop.vn/quan-ao-nguoi-lon.html]
[petshop.vn/do-bo-nguoi-lon-dtb-009-d-l.html]
[petshop.vn/non-nguoi-lon-noz-112-m.html]
[petshop.vn/non-nguoi-lon-doz-937-s-m-l.html]
[petshop.vn/non-nguoi-lon-doz-323-m.html]
[petshop.vn/non-nguoi-lon-doz-462-m.html]
[petshop.vn/non-nguoi-lon-dz-390.html]
[petshop.vn/non-nguoi-lon-dz-390-s.html]
[petshop.vn/non-nguoi-lon.html]
[petshop.vn/non-nguoi-lon-dz-772-m.html]
[bizweb.dktcdn.net/100/147/060/themes/880570/assets/montserratregular5a44.ttf]
[petshop.vn/bo-chan-ga-goi-boc-hoa-kiki-kaikai-27.html]
[petshop.vn/bo-chan-ga-goi-boc-gau-grizzly-14.html]
[petshop.vn/bo-chan-ga-goi-boc-hoa-kiki-kaikai-24.html]
[petshop.vn/bo-chan-ga-goi-boc-hoa-kiki-kaikai-23.html]
[petshop.vn/bo-chan-ga-goi-boc-hoa-kiki-kaikai-21.html]
[petshop.vn/bo-chan-ga-goi-boc-hoa-kiki-kaikai-20.html]
[petshop.vn/bo-chan-ga-goi-boc-gau-grizzly-13.html]
[petshop.vn/goi-om-doremon-14.html]
[petshop.vn/goi-nam-doremon-12.html]
[petshop.vn/goi-nam-doremon-11.html]
[petshop.vn/phong-ngu.html]
[petshop.vn/goi-nam-doremon-10.html]
[petshop.vn/bo-chan-ga-goi-boc-gau-grizzly-11.html]
[petshop.vn/bo-chan-ga-goi-boc-gau-grizzly-7.html]
[petshop.vn/bo-chan-ga-goi-boc-gau-grizzly-6.html]
[petshop.vn/bo-men-nguoi-lon.html]
[petshop.vn/bo-chan-ga-goi-boc-gau-grizzly-3.html]
[petshop.vn/goi-nam-doremon-9.html]
[petshop.vn/goi-nam-doremon-8.html]
[petshop.vn/goi-nam-doremon-7.html]
[petshop.vn/goi-nam-tre-em-ncz-699p-m-wi.html]
[petshop.vn/goi-nam-tre-em-doz-997p-s-wi.html]
[petshop.vn/goi-nam-tre-em-doz-996p-wi.html]
[petshop.vn/goi-nam-tre-em-doz-993p-m-wi.html]
[petshop.vn/goi-nam.html]
[petshop.vn/goi-nam-noz-215p-s-wi.html]
[petshop.vn/vo-goi-cuc-xuong-32-75-65.html]
[petshop.vn/vo-goi-cuc-xuong-32-75-64.html]
[petshop.vn/vo-goi-cuc-xuong-32-75-63.html]
[petshop.vn/vo-goi-cuc-xuong-32-75-62.html]
[petshop.vn/vo-goi-cuc-xuong-41-72-20.html]
[petshop.vn/vo-goi-cuc-xuong-32-75-61.html]
[petshop.vn/vo-goi-cuc-xuong-41-72-19.html]
[petshop.vn/vo-goi-cuc-xuong-41-72-18.html]
[petshop.vn/vo-goi-cuc-xuong-32-75-60.html]
[petshop.vn/vo-goi-cuc-xuong-32-75-59.html]
[petshop.vn/goi-om.html]
[petshop.vn/vo-goi-cuc-xuong-32-75-58.html]
[petshop.vn/chan-men-doz-556bl-xl-wi-dan-220cm-x-240cm.html]
[petshop.vn/chan-men-nguoi-lon-ncz-691bl-q-wi-dan-200cm-x-220cm.html]
[petshop.vn/chan-men-nguoi-lon-ncz-675bl-s-wi-dan-160cm-x-200cm.html]
[petshop.vn/chan-men-noz-175bl-xs-wi-dan-140cm-x-200cm.html]
[petshop.vn/men-tre-em-doz-969bl-xs-wi-120cm-x160cm.html]
[petshop.vn/ncz-048com-110cm-x-135cm.html]
[petshop.vn/men-tre-em-doz-968bl-xxs-wi-dan-90cm-x-110cm.html]
[petshop.vn/boc-chan-men-nz-122bl-xs-co-120-160cm.html]
[petshop.vn/chan-nz-122bl-xs-wo-120-x-160.html]
[petshop.vn/chan-ncz-133-com-102-x-135-cm.html]
[petshop.vn/chan-cuon-dz-863bl-com-wo-76-x-100.html]
[petshop.vn/chan.html]
[petshop.vn/chan-doz-556-bl-xs-wi-140-200.html]
[petshop.vn/set-nem-tre-em-ncz-048-ghep-le.html]
[petshop.vn/set-nem-tre-em-ncz-202-ghep-le.html]
[petshop.vn/copy-of-nem-m-009l-105cm-x-155cm.html]
[petshop.vn/nem-tre-em-ncz-202-mat-91-x-115cm.html]
[petshop.vn/nem-tre-em-dz-863-mat-70-x-95-cm.html]
[petshop.vn/nem-ncz-133-mat-90-x-115cm.html]
[petshop.vn/nem-tre-em-ncmt-002.html]
[petshop.vn/nem-m-009l.html]
[petshop.vn/nem.html]
[petshop.vn/nem-ncz-202-m-1.html]
[petshop.vn/tham-dz-011.html]
[petshop.vn/tham-rbz-073.html]
[petshop.vn/tham-tz-046.html]
[petshop.vn/tham.html]
[petshop.vn/tham-chui-chan-pet-shop-rbz-073.html]
[petshop.vn/thu-nhoi-bong.html]
[petshop.vn/dem.html]
[petshop.vn/vo-goi-ca-sau-39.html]
[petshop.vn/goi-om-doremon-13.html]
[petshop.vn/goi-om-doremon-12.html]
[petshop.vn/goi-tre-nz-485p-25x34cm-1.html]
[petshop.vn/goi-om-doremon-10.html]
[petshop.vn/tui-treo-tuong-doz-382.html]
[petshop.vn/tui-treo-tuong-dz-129.html]
[petshop.vn/tui-treo-tuong-doz-902.html]
[petshop.vn/tui-treo-tuong-ncz-389.html]
[petshop.vn/tui-treo-tuong-nz-152.html]
[petshop.vn/tui-treo-tuong-nz-501.html]
[petshop.vn/tui-treo-tuong-nz-978.html]
[petshop.vn/tui-treo-tuong-rbz-113.html]
[petshop.vn/tui-treo-tuong-tz-110.html]
[petshop.vn/tap-de-ap-151.html]
[petshop.vn/tap-de-ap-154.html]
[petshop.vn/tap-de-ap-164.html]
[petshop.vn/tap-de-dap-014.html]
[petshop.vn/tap-de-dap-015.html]
[petshop.vn/bao-tay-bep-nz-125.html]
[petshop.vn/bao-tay-bep-nz-785.html]
[petshop.vn/bao-tay-bep-toz-169.html]
[petshop.vn/bao-tay-bep-nz-005-a.html]
[petshop.vn/bao-hop-khan-giay-doz-194.html]
[petshop.vn/bao-hop-khan-giay-doz-432.html]
[petshop.vn/bao-hop-khan-giay-doz-651.html]
[petshop.vn/bao-hop-khan-giay-doz-795.html]
[petshop.vn/bao-hop-khan-giay-dz-409.html]
[petshop.vn/mieng-nhac-noi-nz-005-a.html]
[petshop.vn/mieng-nhac-noi-nz-005b.html]
[petshop.vn/mieng-nhac-noi-nz-789.html]
[petshop.vn/tui-treo-tuong-nz-501-1.html]
[petshop.vn/tui-treo-tuong-doz-928.html]
[petshop.vn/vat-dung-nha-bep.html]
[petshop.vn/tap-de-dap-055.html]
[petshop.vn/tap-de.html]
[petshop.vn/bao-tay.html]
[petshop.vn/bao-hop-khan-giay.html]
[petshop.vn/tap-de-dap-061.html]
[petshop.vn/mieng-nhac-noi.html]
[petshop.vn/tui-treo-tuong.html]
[petshop.vn/balo-tre-em-dobg-012.html]
[petshop.vn/balo-tre-em-bbg-048.html]
[petshop.vn/balo-tre-em-bg-510.html]
[petshop.vn/balo-tre-em-dfbg-140.html]
[petshop.vn/balo-tre-em-dfbg-162.html]
[petshop.vn/balo-tre-em-lbg-093.html]
[petshop.vn/dam-thun-ejs-370-m.html]
[petshop.vn/dam-thun-ejs-326-m.html]
[petshop.vn/ejs-325-m.html]
[petshop.vn/dam-thun-ejs-324-m.html]
[petshop.vn/ao-nu-ms-eb-036.html]
[petshop.vn/ao-nu-ms-eb-047.html]
[petshop.vn/dam-nu-ms-ejs-013-1.html]
[petshop.vn/dam-nu-ms-ejs-024.html]
[petshop.vn/dam-nu-ms-ejs-027.html]
[petshop.vn/dam-thun-ejs-314-m.html]
[petshop.vn/do-thun-christlie.html]
[petshop.vn/dam-thun-ejs-261-m-s-m-l.html]
[petshop.vn/balo-tre-em-dbg-638.html]
[petshop.vn/hanh-trang-den-truong.html]
[petshop.vn/dam-nu-ms-ejs-029.html]
[petshop.vn/dam-nu-ms-ejs-037.html]
[petshop.vn/dam-nu-ms-ejs-044.html]
[petshop.vn/dam-nu-ms-ejs-013.html]
[petshop.vn/dam-nu-ms-ejs-052.html]
[petshop.vn/dam-nu-ms-ejs-056.html]
[petshop.vn/hanh-trang-cong-so.html]
[petshop.vn/dam-nu-ms-ejs-057.html]
[petshop.vn/dam-thun-ejs-251-m-s-m-l.html]
[petshop.vn/dam-thun-ejs-252-m-s-m-l.html]
[petshop.vn/dam-thun-ejs-249-m-s-m-l-1.html]
[petshop.vn/dam-thun-ejs-249-m-s-m-l.html]
[petshop.vn/dam-thun-ejs-248-m-s-m-l.html]
[petshop.vn/dam-thun-ejs-247-m-s-m-l.html]
[petshop.vn/xuan-vui-sac-mau-2023.html]
[petshop.vn/dam-thun-ejs-244-m.html]
[petshop.vn/bop-3-ngan-doz-974.html]
[petshop.vn/bop-3-ngan-dhz-028-1.html]
[petshop.vn/bop-3-ngan-dhz-028.html]
[petshop.vn/boc-an-toan-boc-tay-nam-tu-lanh-doz-980.html]
[petshop.vn/bop-2-ngan-noz-290.html]
[petshop.vn/bop-3-ngan-doz-973.html]
[petshop.vn/bop-3-ngan-dhz-030.html]
[petshop.vn/tui-xach-dobg-203.html]
[petshop.vn/tui-xach-dobg-178.html]
[petshop.vn/tui-xach-dobg-127.html]
[petshop.vn/tui-dung-ipad-az-162.html]
[petshop.vn/goi-ke-co-toz-238.html]
[petshop.vn/goi-ke-co-nz-990.html]
[petshop.vn/goi-ke-co-nz-877.html]
[petshop.vn/goi-ke-co-nz-701-1.html]
[petshop.vn/goi-ke-co-noz-110l.html]
[petshop.vn/tui-deo-bung-tui-viet-kieu-ncz-697.html]
[petshop.vn/tui-deo-bung-tui-viet-kieu-dobg-231.html]
[petshop.vn/tui-deo-bung-tui-viet-kieu-dobg-230.html]
[petshop.vn/tui-deo-bung-tui-viet-kieu-abg-116.html]
[petshop.vn/bop-vi-tui-nho.html]
[petshop.vn/khau-trang-noz-277-s-m-l.html]
[petshop.vn/goi-ke-co-noz-110-l.html]
[petshop.vn/goi-ke-co-noz-140.html]
[petshop.vn/goi-ke-co-az-214.html]
[petshop.vn/goi-ke-co-doz-38.html]
[petshop.vn/goi-ke-co-dz-875.html]
[petshop.vn/goi-ke-co-mz-131.html]
[petshop.vn/goi-ke-co.html]
[petshop.vn/goi-ke-co-noz-035.html]
[petshop.vn/tui-dung-ipad-nz-998.html]
[petshop.vn/tui-deo-bung-doz-868.html]
[petshop.vn/tui-deo-bung-ncbg-359.html]
[petshop.vn/bop-tui-deo-bung.html]
[petshop.vn/tui-deo-bung-ncz-192.html]
[petshop.vn/khau-trang-ncz-704-s-m-l.html]
[petshop.vn/khau-trang-dhz-001-s-m-l.html]
[petshop.vn/khau-trang-ncz-604-m.html]
[petshop.vn/khau-trang-doz-883.html]
[petshop.vn/khau-trang-dfz-154-m.html]
[petshop.vn/khau-trang-dfz-168-l.html]
[petshop.vn/khau-trang.html]
[petshop.vn/khau-trang-dfz-187-m.html]
[petshop.vn/dam-thun-christlie-ejs-025-m.html]
[petshop.vn/dam-thun-christlie-ejs-026-m.html]
[petshop.vn/non-khau-trang.html]
[petshop.vn/dam-thun-christlie-ejs-057-l.html]
[petshop.vn/vo-goi-cuc-xuong-46.html]
[petshop.vn/petshop.html]
[petshop.vn/christlie.html]
[bizweb.dktcdn.net/100/147/060/themes/880570/assets/evo-pages.scssb828.css]
[bizweb.dktcdn.net/100/147/060/files/petshop656d.jpg]
[bizweb.dktcdn.net/100/147/060/files/christlie111d.jpg]
[petshop.vn/gioi-thieu.html]
[petshop.vn/lien-he.html]
[petshop.vn/san-pham-noi-bat.html]
[bizweb.dktcdn.net/100/147/060/themes/880570/assets/evo-contacts.scssb828.css]
[petshop.vn/bo-chan-ga-goi-boc-hoa-kiki-kaikai-25942b.html]
[bizweb.dktcdn.net/thumb/medium/100/147/060/products/bai-117-p-103e5.png]
[bizweb.dktcdn.net/100/147/060/themes/880570/assets/evo-products.scssb828.css]
[bizweb.dktcdn.net/thumb/grande/100/147/060/products/bai-117-p-103e5.png]
[bizweb.dktcdn.net/thumb/1024x1024/100/147/060/products/bai-117-p-103e5.png]
[bizweb.dktcdn.net/thumb/large/100/147/060/products/bai-117-p-103e5.png]
[bizweb.dktcdn.net/100/147/060/themes/880570/assets/evo-productb828.js]
[bizweb.dktcdn.net/100/147/060/themes/880570/assets/picbox.scssb828.css]
[petshop.vn/bo-chan-ga-goi-boc-hoa-kiki-kaikai-25.html]
[bizweb.dktcdn.net/100/147/060/themes/880570/assets/picboxb828.js]
[petshop.vn/bo-chan-ga-goi-boc-gau-grizzly-12942b.html]
[bizweb.dktcdn.net/thumb/medium/100/147/060/products/ed1e0889-099f-4882-ba4b-a09d7741fbab-646eac6f-1eec-4914-b0b5-c6617faee5d1e2a0.png]
[bizweb.dktcdn.net/thumb/medium/100/147/060/products/8fd4d051-7597-4df3-96dd-40c5c5478681-a41fc168-fc9e-443e-9197-ce94eb38dbbc2607.png]
[bizweb.dktcdn.net/thumb/medium/100/147/060/products/2cc5b561-1c7a-489c-8511-0c331cbda5ce-2405000a-de9a-4bc0-b80b-3cc5fd14f140578c.png]
[bizweb.dktcdn.net/thumb/grande/100/147/060/products/ed1e0889-099f-4882-ba4b-a09d7741fbab-646eac6f-1eec-4914-b0b5-c6617faee5d1e2a0.png]
[bizweb.dktcdn.net/thumb/1024x1024/100/147/060/products/ed1e0889-099f-4882-ba4b-a09d7741fbab-646eac6f-1eec-4914-b0b5-c6617faee5d1e2a0.png]
[bizweb.dktcdn.net/thumb/large/100/147/060/products/ed1e0889-099f-4882-ba4b-a09d7741fbab-646eac6f-1eec-4914-b0b5-c6617faee5d1e2a0.png]
[bizweb.dktcdn.net/thumb/1024x1024/100/147/060/products/8fd4d051-7597-4df3-96dd-40c5c5478681-a41fc168-fc9e-443e-9197-ce94eb38dbbc2607.png]
[bizweb.dktcdn.net/thumb/large/100/147/060/products/8fd4d051-7597-4df3-96dd-40c5c5478681-a41fc168-fc9e-443e-9197-ce94eb38dbbc2607.png]
[bizweb.dktcdn.net/thumb/1024x1024/100/147/060/products/2cc5b561-1c7a-489c-8511-0c331cbda5ce-2405000a-de9a-4bc0-b80b-3cc5fd14f140578c.png]
[bizweb.dktcdn.net/thumb/large/100/147/060/products/2cc5b561-1c7a-489c-8511-0c331cbda5ce-2405000a-de9a-4bc0-b80b-3cc5fd14f140578c.png]
[bizweb.dktcdn.net/thumb/1024x1024/100/147/060/products/0f485204-9b26-416b-91af-7f65c5af28ab-68698292-88a2-4c93-9446-f8b406f1d1540195.png]
[bizweb.dktcdn.net/thumb/large/100/147/060/products/0f485204-9b26-416b-91af-7f65c5af28ab-68698292-88a2-4c93-9446-f8b406f1d1540195.png]
[bizweb.dktcdn.net/thumb/1024x1024/100/147/060/products/15074f2e-8ee4-4033-854d-dbca2a2fa8cb-98b1a427-1dc3-44e5-abe5-ca2311fed9b90906.png]
[bizweb.dktcdn.net/thumb/large/100/147/060/products/15074f2e-8ee4-4033-854d-dbca2a2fa8cb-98b1a427-1dc3-44e5-abe5-ca2311fed9b90906.png]
[bizweb.dktcdn.net/thumb/1024x1024/100/147/060/products/e3a6d70b-17f6-43fb-a3b3-d57db175434b-4860053c-426d-4aeb-8a16-4baf2dca836590e1.png]
[bizweb.dktcdn.net/thumb/large/100/147/060/products/e3a6d70b-17f6-43fb-a3b3-d57db175434b-4860053c-426d-4aeb-8a16-4baf2dca836590e1.png]
[bizweb.dktcdn.net/thumb/1024x1024/100/147/060/products/8bc25c9a-e3d9-4b51-b47b-1e61a3323c48-c87a00b0-460c-4b49-8a44-f85abbb717bfad92.png]
[bizweb.dktcdn.net/thumb/large/100/147/060/products/8bc25c9a-e3d9-4b51-b47b-1e61a3323c48-c87a00b0-460c-4b49-8a44-f85abbb717bfad92.png]
[bizweb.dktcdn.net/thumb/1024x1024/100/147/060/products/d8cb186a-1573-4ae9-b6c2-e73840b48426-c3320a17-34e1-4022-b5ac-c0629d9581906920.png]
[bizweb.dktcdn.net/thumb/large/100/147/060/products/d8cb186a-1573-4ae9-b6c2-e73840b48426-c3320a17-34e1-4022-b5ac-c0629d9581906920.png]
[bizweb.dktcdn.net/thumb/1024x1024/100/147/060/products/5e6f7321-8f29-43f9-8d76-febd103a6a58-acfb2416-6a18-44b2-b73b-3f3190f7808b8f4d.png]
[bizweb.dktcdn.net/thumb/large/100/147/060/products/5e6f7321-8f29-43f9-8d76-febd103a6a58-acfb2416-6a18-44b2-b73b-3f3190f7808b8f4d.png]
[bizweb.dktcdn.net/thumb/1024x1024/100/147/060/products/783d33d3-ae26-409f-8855-d36552346a26-f6fdf515-f5dd-4b98-8f7f-ea0b5263f4335eee.png]
[bizweb.dktcdn.net/thumb/large/100/147/060/products/783d33d3-ae26-409f-8855-d36552346a26-f6fdf515-f5dd-4b98-8f7f-ea0b5263f4335eee.png]
[bizweb.dktcdn.net/thumb/1024x1024/100/147/060/products/da84ccfc-3c4d-4695-a76f-1d9f50a48edc-ffc1e81b-e171-4b8c-a786-fa66200b14cdc028.png]
[bizweb.dktcdn.net/thumb/large/100/147/060/products/da84ccfc-3c4d-4695-a76f-1d9f50a48edc-ffc1e81b-e171-4b8c-a786-fa66200b14cdc028.png]
[bizweb.dktcdn.net/thumb/1024x1024/100/147/060/products/bai-117-p-28-b1824a8c-9e93-4799-afb2-821e16bf85a3c028.png]
[bizweb.dktcdn.net/thumb/large/100/147/060/products/bai-117-p-28-b1824a8c-9e93-4799-afb2-821e16bf85a3c028.png]
[bizweb.dktcdn.net/thumb/medium/100/147/060/products/0f485204-9b26-416b-91af-7f65c5af28ab-68698292-88a2-4c93-9446-f8b406f1d1540195.png]
[bizweb.dktcdn.net/thumb/medium/100/147/060/products/15074f2e-8ee4-4033-854d-dbca2a2fa8cb-98b1a427-1dc3-44e5-abe5-ca2311fed9b90906.png]
[bizweb.dktcdn.net/thumb/medium/100/147/060/products/e3a6d70b-17f6-43fb-a3b3-d57db175434b-4860053c-426d-4aeb-8a16-4baf2dca836590e1.png]
[bizweb.dktcdn.net/thumb/medium/100/147/060/products/8bc25c9a-e3d9-4b51-b47b-1e61a3323c48-c87a00b0-460c-4b49-8a44-f85abbb717bfad92.png]
[bizweb.dktcdn.net/thumb/medium/100/147/060/products/d8cb186a-1573-4ae9-b6c2-e73840b48426-c3320a17-34e1-4022-b5ac-c0629d9581906920.png]
[bizweb.dktcdn.net/thumb/medium/100/147/060/products/5e6f7321-8f29-43f9-8d76-febd103a6a58-acfb2416-6a18-44b2-b73b-3f3190f7808b8f4d.png]
[bizweb.dktcdn.net/thumb/medium/100/147/060/products/783d33d3-ae26-409f-8855-d36552346a26-f6fdf515-f5dd-4b98-8f7f-ea0b5263f4335eee.png]
[bizweb.dktcdn.net/thumb/medium/100/147/060/products/da84ccfc-3c4d-4695-a76f-1d9f50a48edc-ffc1e81b-e171-4b8c-a786-fa66200b14cdc028.png]
[bizweb.dktcdn.net/thumb/medium/100/147/060/products/bai-117-p-28-b1824a8c-9e93-4799-afb2-821e16bf85a3c028.png]
[petshop.vn/bo-chan-ga-goi-boc-gau-grizzly-12.html]
[petshop.vn/bo-chan-ga-goi-boc-gau-grizzly-5942b.html]
[bizweb.dktcdn.net/thumb/medium/100/147/060/products/ed1e0889-099f-4882-ba4b-a09d7741fbab-c51568e2-77a0-446d-9ca4-237e2ab98180fa11.png]
[bizweb.dktcdn.net/thumb/medium/100/147/060/products/8fd4d051-7597-4df3-96dd-40c5c5478681-85b894e7-12b2-486b-812a-9c2d8b3dd14bc01e.png]
[bizweb.dktcdn.net/thumb/medium/100/147/060/products/2cc5b561-1c7a-489c-8511-0c331cbda5ce-c9e6a270-2c40-4ad9-bd87-ce17f8054cc464af.png]
[bizweb.dktcdn.net/thumb/grande/100/147/060/products/ed1e0889-099f-4882-ba4b-a09d7741fbab-c51568e2-77a0-446d-9ca4-237e2ab98180fa11.png]
[bizweb.dktcdn.net/thumb/1024x1024/100/147/060/products/ed1e0889-099f-4882-ba4b-a09d7741fbab-c51568e2-77a0-446d-9ca4-237e2ab98180fa11.png]
[bizweb.dktcdn.net/thumb/large/100/147/060/products/ed1e0889-099f-4882-ba4b-a09d7741fbab-c51568e2-77a0-446d-9ca4-237e2ab98180fa11.png]
[bizweb.dktcdn.net/thumb/1024x1024/100/147/060/products/8fd4d051-7597-4df3-96dd-40c5c5478681-85b894e7-12b2-486b-812a-9c2d8b3dd14bc01e.png]
[bizweb.dktcdn.net/thumb/large/100/147/060/products/8fd4d051-7597-4df3-96dd-40c5c5478681-85b894e7-12b2-486b-812a-9c2d8b3dd14bc01e.png]
[bizweb.dktcdn.net/thumb/1024x1024/100/147/060/products/2cc5b561-1c7a-489c-8511-0c331cbda5ce-c9e6a270-2c40-4ad9-bd87-ce17f8054cc464af.png]
[bizweb.dktcdn.net/thumb/large/100/147/060/products/2cc5b561-1c7a-489c-8511-0c331cbda5ce-c9e6a270-2c40-4ad9-bd87-ce17f8054cc464af.png]
[bizweb.dktcdn.net/thumb/1024x1024/100/147/060/products/0f485204-9b26-416b-91af-7f65c5af28ab-59b39479-789f-4842-a513-fe6a863cc1d42e13.png]
[bizweb.dktcdn.net/thumb/large/100/147/060/products/0f485204-9b26-416b-91af-7f65c5af28ab-59b39479-789f-4842-a513-fe6a863cc1d42e13.png]
[bizweb.dktcdn.net/thumb/1024x1024/100/147/060/products/15074f2e-8ee4-4033-854d-dbca2a2fa8cb-212d5d48-d1d7-491f-a200-71c3604da23f87d8.png]
[bizweb.dktcdn.net/thumb/large/100/147/060/products/15074f2e-8ee4-4033-854d-dbca2a2fa8cb-212d5d48-d1d7-491f-a200-71c3604da23f87d8.png]
[bizweb.dktcdn.net/thumb/1024x1024/100/147/060/products/e3a6d70b-17f6-43fb-a3b3-d57db175434b-add90c60-df41-4f1d-8b3e-9be0ca5353ecce9e.png]
[bizweb.dktcdn.net/thumb/large/100/147/060/products/e3a6d70b-17f6-43fb-a3b3-d57db175434b-add90c60-df41-4f1d-8b3e-9be0ca5353ecce9e.png]
[bizweb.dktcdn.net/thumb/1024x1024/100/147/060/products/8bc25c9a-e3d9-4b51-b47b-1e61a3323c48-98e32d2c-49fd-4cf3-84d6-3645a39a9d751ccb.png]
[bizweb.dktcdn.net/thumb/large/100/147/060/products/8bc25c9a-e3d9-4b51-b47b-1e61a3323c48-98e32d2c-49fd-4cf3-84d6-3645a39a9d751ccb.png]
[bizweb.dktcdn.net/thumb/1024x1024/100/147/060/products/d8cb186a-1573-4ae9-b6c2-e73840b48426-dc4f07c3-5d7a-4ecd-b63c-07d1faaf3c074de9.png]
[bizweb.dktcdn.net/thumb/large/100/147/060/products/d8cb186a-1573-4ae9-b6c2-e73840b48426-dc4f07c3-5d7a-4ecd-b63c-07d1faaf3c074de9.png]
[bizweb.dktcdn.net/thumb/1024x1024/100/147/060/products/5e6f7321-8f29-43f9-8d76-febd103a6a58-130db56e-eac8-4351-9ac2-fa25b10ec84a74b9.png]
[bizweb.dktcdn.net/thumb/large/100/147/060/products/5e6f7321-8f29-43f9-8d76-febd103a6a58-130db56e-eac8-4351-9ac2-fa25b10ec84a74b9.png]
[bizweb.dktcdn.net/thumb/1024x1024/100/147/060/products/783d33d3-ae26-409f-8855-d36552346a26-364c137e-85b9-4c5f-9ea9-2e8e4445ae67726c.png]
[bizweb.dktcdn.net/thumb/large/100/147/060/products/783d33d3-ae26-409f-8855-d36552346a26-364c137e-85b9-4c5f-9ea9-2e8e4445ae67726c.png]
[bizweb.dktcdn.net/thumb/1024x1024/100/147/060/products/da84ccfc-3c4d-4695-a76f-1d9f50a48edc-e8d13fcc-927e-4c50-9a57-12f7da3a8adeac27.png]
[bizweb.dktcdn.net/thumb/large/100/147/060/products/da84ccfc-3c4d-4695-a76f-1d9f50a48edc-e8d13fcc-927e-4c50-9a57-12f7da3a8adeac27.png]
[bizweb.dktcdn.net/thumb/1024x1024/100/147/060/products/bai-117-p-22-811f5084-22e5-4554-9ab2-c1857f6e51d1ac27.png]
[bizweb.dktcdn.net/thumb/large/100/147/060/products/bai-117-p-22-811f5084-22e5-4554-9ab2-c1857f6e51d1ac27.png]
[bizweb.dktcdn.net/thumb/medium/100/147/060/products/0f485204-9b26-416b-91af-7f65c5af28ab-59b39479-789f-4842-a513-fe6a863cc1d42e13.png]
[bizweb.dktcdn.net/thumb/medium/100/147/060/products/15074f2e-8ee4-4033-854d-dbca2a2fa8cb-212d5d48-d1d7-491f-a200-71c3604da23f87d8.png]
[bizweb.dktcdn.net/thumb/medium/100/147/060/products/e3a6d70b-17f6-43fb-a3b3-d57db175434b-add90c60-df41-4f1d-8b3e-9be0ca5353ecce9e.png]
[bizweb.dktcdn.net/thumb/medium/100/147/060/products/8bc25c9a-e3d9-4b51-b47b-1e61a3323c48-98e32d2c-49fd-4cf3-84d6-3645a39a9d751ccb.png]
[bizweb.dktcdn.net/thumb/medium/100/147/060/products/d8cb186a-1573-4ae9-b6c2-e73840b48426-dc4f07c3-5d7a-4ecd-b63c-07d1faaf3c074de9.png]
[bizweb.dktcdn.net/thumb/medium/100/147/060/products/5e6f7321-8f29-43f9-8d76-febd103a6a58-130db56e-eac8-4351-9ac2-fa25b10ec84a74b9.png]
[bizweb.dktcdn.net/thumb/medium/100/147/060/products/783d33d3-ae26-409f-8855-d36552346a26-364c137e-85b9-4c5f-9ea9-2e8e4445ae67726c.png]
[bizweb.dktcdn.net/thumb/medium/100/147/060/products/da84ccfc-3c4d-4695-a76f-1d9f50a48edc-e8d13fcc-927e-4c50-9a57-12f7da3a8adeac27.png]
[bizweb.dktcdn.net/thumb/medium/100/147/060/products/bai-117-p-22-811f5084-22e5-4554-9ab2-c1857f6e51d1ac27.png]
[petshop.vn/bo-chan-ga-goi-boc-gau-grizzly-5.html]
[petshop.vn/nemmeosao-knbbms942b.html]
[bizweb.dktcdn.net/thumb/medium/100/147/060/products/351184790-754193879785192-2569599633192683134-nc025.jpg]
[bizweb.dktcdn.net/thumb/medium/100/147/060/products/351457402-1416902029149708-2722971664068531698-n460f.jpg]
[bizweb.dktcdn.net/thumb/medium/100/147/060/products/xanh-la-mina464.png]
[bizweb.dktcdn.net/thumb/grande/100/147/060/products/351184790-754193879785192-2569599633192683134-nc025.jpg]
[bizweb.dktcdn.net/thumb/1024x1024/100/147/060/products/351184790-754193879785192-2569599633192683134-nc025.jpg]
[bizweb.dktcdn.net/thumb/large/100/147/060/products/351184790-754193879785192-2569599633192683134-nc025.jpg]
[bizweb.dktcdn.net/thumb/1024x1024/100/147/060/products/351457402-1416902029149708-2722971664068531698-n460f.jpg]
[bizweb.dktcdn.net/thumb/large/100/147/060/products/351457402-1416902029149708-2722971664068531698-n460f.jpg]
[bizweb.dktcdn.net/thumb/1024x1024/100/147/060/products/xanh-la-mina464.png]
[bizweb.dktcdn.net/thumb/large/100/147/060/products/xanh-la-mina464.png]
[bizweb.dktcdn.net/thumb/1024x1024/100/147/060/products/tim-sao-min83d2.png]
[bizweb.dktcdn.net/thumb/large/100/147/060/products/tim-sao-min83d2.png]
[bizweb.dktcdn.net/thumb/1024x1024/100/147/060/products/cam-mina4f6.png]
[bizweb.dktcdn.net/thumb/large/100/147/060/products/cam-mina4f6.png]
[bizweb.dktcdn.net/thumb/1024x1024/100/147/060/products/do-mine387.png]
[bizweb.dktcdn.net/thumb/large/100/147/060/products/do-mine387.png]
[bizweb.dktcdn.net/thumb/medium/100/147/060/products/tim-sao-min83d2.png]
[bizweb.dktcdn.net/thumb/medium/100/147/060/products/cam-mina4f6.png]
[bizweb.dktcdn.net/thumb/medium/100/147/060/products/do-mine387.png]
[bizweb.dktcdn.net/thumb/small/100/147/060/products/xanh-la-mina464.png]
[bizweb.dktcdn.net/100/147/060/themes/880570/assets/soldoutb828.png]
[bizweb.dktcdn.net/thumb/small/100/147/060/products/tim-sao-min83d2.png]
[bizweb.dktcdn.net/thumb/small/100/147/060/products/cam-mina4f6.png]
[bizweb.dktcdn.net/thumb/small/100/147/060/products/do-mine387.png]
[petshop.vn/nemmeosao-knbbms.html]
[petshop.vn/nemmeotim-knbbmt942b.html]
[bizweb.dktcdn.net/thumb/medium/100/147/060/products/354239573-606588168236690-5761954187133929027-na5f1.jpg]
[bizweb.dktcdn.net/thumb/medium/100/147/060/products/354227513-606586794903494-2279188278197246464-n86ee.jpg]
[bizweb.dktcdn.net/thumb/medium/100/147/060/products/xanh-nhat-minfcb8.png]
[bizweb.dktcdn.net/thumb/grande/100/147/060/products/354239573-606588168236690-5761954187133929027-na5f1.jpg]
[bizweb.dktcdn.net/thumb/1024x1024/100/147/060/products/354239573-606588168236690-5761954187133929027-na5f1.jpg]
[bizweb.dktcdn.net/thumb/large/100/147/060/products/354239573-606588168236690-5761954187133929027-na5f1.jpg]
[bizweb.dktcdn.net/thumb/1024x1024/100/147/060/products/354227513-606586794903494-2279188278197246464-n86ee.jpg]
[bizweb.dktcdn.net/thumb/large/100/147/060/products/354227513-606586794903494-2279188278197246464-n86ee.jpg]
[bizweb.dktcdn.net/thumb/1024x1024/100/147/060/products/xanh-nhat-minfcb8.png]
[bizweb.dktcdn.net/thumb/large/100/147/060/products/xanh-nhat-minfcb8.png]
[bizweb.dktcdn.net/thumb/1024x1024/100/147/060/products/vang-dam-min63ac.png]
[bizweb.dktcdn.net/thumb/large/100/147/060/products/vang-dam-min63ac.png]
[bizweb.dktcdn.net/thumb/1024x1024/100/147/060/products/vang-nhat-min49f8.png]
[bizweb.dktcdn.net/thumb/large/100/147/060/products/vang-nhat-min49f8.png]
[bizweb.dktcdn.net/thumb/1024x1024/100/147/060/products/hong-nhat-minf589.png]
[bizweb.dktcdn.net/thumb/large/100/147/060/products/hong-nhat-minf589.png]
[bizweb.dktcdn.net/thumb/medium/100/147/060/products/vang-dam-min63ac.png]
[bizweb.dktcdn.net/thumb/medium/100/147/060/products/vang-nhat-min49f8.png]
[bizweb.dktcdn.net/thumb/medium/100/147/060/products/hong-nhat-minf589.png]
[bizweb.dktcdn.net/thumb/small/100/147/060/products/354227513-606586794903494-2279188278197246464-n86ee.jpg]
[bizweb.dktcdn.net/thumb/small/100/147/060/products/xanh-nhat-minfcb8.png]
[bizweb.dktcdn.net/thumb/small/100/147/060/products/vang-dam-min63ac.png]
[bizweb.dktcdn.net/thumb/small/100/147/060/products/vang-nhat-min49f8.png]
[bizweb.dktcdn.net/thumb/small/100/147/060/products/hong-nhat-minf589.png]
[petshop.vn/nemmeotim-knbbmt.html]
[petshop.vn/tuideocheo-lmcbg011942b.html]
[bizweb.dktcdn.net/thumb/medium/100/147/060/products/352678806-603456721883168-1479771930143976573-n3a75.jpg]
[bizweb.dktcdn.net/thumb/medium/100/147/060/products/353400800-603456808549826-7478095680227169307-n628d.jpg]
[bizweb.dktcdn.net/thumb/medium/100/147/060/products/352825732-603456761883164-168136808582866146-n8cbf.jpg]
[petshop.vn/san-pham-ban-chay-trong-thang.html]
[bizweb.dktcdn.net/thumb/grande/100/147/060/products/352678806-603456721883168-1479771930143976573-n3a75.jpg]
[bizweb.dktcdn.net/thumb/1024x1024/100/147/060/products/352678806-603456721883168-1479771930143976573-n3a75.jpg]
[bizweb.dktcdn.net/thumb/large/100/147/060/products/352678806-603456721883168-1479771930143976573-n3a75.jpg]
[bizweb.dktcdn.net/thumb/1024x1024/100/147/060/products/353400800-603456808549826-7478095680227169307-n628d.jpg]
[bizweb.dktcdn.net/thumb/large/100/147/060/products/353400800-603456808549826-7478095680227169307-n628d.jpg]
[bizweb.dktcdn.net/thumb/1024x1024/100/147/060/products/352825732-603456761883164-168136808582866146-n8cbf.jpg]
[bizweb.dktcdn.net/thumb/large/100/147/060/products/352825732-603456761883164-168136808582866146-n8cbf.jpg]
[bizweb.dktcdn.net/thumb/1024x1024/100/147/060/products/353041968-603456708549836-6704856703990560223-n3607.jpg]
[bizweb.dktcdn.net/thumb/large/100/147/060/products/353041968-603456708549836-6704856703990560223-n3607.jpg]
[bizweb.dktcdn.net/thumb/1024x1024/100/147/060/products/353400800-603456808549826-7478095680227169307-n-mind310.png]
[bizweb.dktcdn.net/thumb/large/100/147/060/products/353400800-603456808549826-7478095680227169307-n-mind310.png]
[bizweb.dktcdn.net/thumb/1024x1024/100/147/060/products/353400800-603456808549826-7478095680227169307-n-min-1f880.png]
[bizweb.dktcdn.net/thumb/large/100/147/060/products/353400800-603456808549826-7478095680227169307-n-min-1f880.png]
[bizweb.dktcdn.net/thumb/medium/100/147/060/products/353041968-603456708549836-6704856703990560223-n3607.jpg]
[bizweb.dktcdn.net/thumb/medium/100/147/060/products/353400800-603456808549826-7478095680227169307-n-mind310.png]
[bizweb.dktcdn.net/thumb/medium/100/147/060/products/353400800-603456808549826-7478095680227169307-n-min-1f880.png]
[bizweb.dktcdn.net/thumb/small/100/147/060/products/352678806-603456721883168-1479771930143976573-n3a75.jpg]
[bizweb.dktcdn.net/thumb/small/100/147/060/products/352825732-603456761883164-168136808582866146-n8cbf.jpg]
[bizweb.dktcdn.net/thumb/small/100/147/060/products/353041968-603456708549836-6704856703990560223-n3607.jpg]
[bizweb.dktcdn.net/thumb/small/100/147/060/products/353400800-603456808549826-7478095680227169307-n-mind310.png]
[bizweb.dktcdn.net/thumb/small/100/147/060/products/353400800-603456808549826-7478095680227169307-n-min-1f880.png]
[petshop.vn/tuideocheo-lmcbg011.html]
[petshop.vn/goi-om-mickey-57942b.html]
[bizweb.dktcdn.net/thumb/medium/100/147/060/products/kvgorcmvcn-02-125f5.jpg]
[bizweb.dktcdn.net/thumb/medium/100/147/060/products/kvgorcmvcn-ngang-02-1041e.jpg]
[bizweb.dktcdn.net/thumb/grande/100/147/060/products/kvgorcmvcn-02-125f5.jpg]
[bizweb.dktcdn.net/thumb/1024x1024/100/147/060/products/kvgorcmvcn-02-125f5.jpg]
[bizweb.dktcdn.net/thumb/large/100/147/060/products/kvgorcmvcn-02-125f5.jpg]
[bizweb.dktcdn.net/thumb/1024x1024/100/147/060/products/kvgorcmvcn-ngang-02-1041e.jpg]
[bizweb.dktcdn.net/thumb/large/100/147/060/products/kvgorcmvcn-ngang-02-1041e.jpg]
[petshop.vn/goi-om-mickey-57.html]
[petshop.vn/khautrangtrum-lmz025942b.html]
[bizweb.dktcdn.net/thumb/medium/100/147/060/products/354529020-609309447964562-4556618194602852582-na20a.jpg]
[bizweb.dktcdn.net/thumb/medium/100/147/060/products/354588864-609309481297892-1436026760072090272-n8b5c.jpg]
[bizweb.dktcdn.net/thumb/medium/100/147/060/products/355128016-609305757964931-2782541857729100793-nc05d.jpg]
[bizweb.dktcdn.net/thumb/grande/100/147/060/products/354529020-609309447964562-4556618194602852582-na20a.jpg]
[bizweb.dktcdn.net/thumb/1024x1024/100/147/060/products/354529020-609309447964562-4556618194602852582-na20a.jpg]
[bizweb.dktcdn.net/thumb/large/100/147/060/products/354529020-609309447964562-4556618194602852582-na20a.jpg]
[bizweb.dktcdn.net/thumb/1024x1024/100/147/060/products/354588864-609309481297892-1436026760072090272-n8b5c.jpg]
[bizweb.dktcdn.net/thumb/large/100/147/060/products/354588864-609309481297892-1436026760072090272-n8b5c.jpg]
[bizweb.dktcdn.net/thumb/1024x1024/100/147/060/products/355128016-609305757964931-2782541857729100793-nc05d.jpg]
[bizweb.dktcdn.net/thumb/large/100/147/060/products/355128016-609305757964931-2782541857729100793-nc05d.jpg]
[bizweb.dktcdn.net/thumb/1024x1024/100/147/060/products/doc05d.png]
[bizweb.dktcdn.net/thumb/large/100/147/060/products/doc05d.png]
[bizweb.dktcdn.net/thumb/1024x1024/100/147/060/products/354588864-609309481297892-1436026760072090272-nc05d.png]
[bizweb.dktcdn.net/thumb/large/100/147/060/products/354588864-609309481297892-1436026760072090272-nc05d.png]
[bizweb.dktcdn.net/thumb/1024x1024/100/147/060/products/vangc05d.png]
[bizweb.dktcdn.net/thumb/large/100/147/060/products/vangc05d.png]
[bizweb.dktcdn.net/thumb/1024x1024/100/147/060/products/xanh-denc05d.png]
[bizweb.dktcdn.net/thumb/large/100/147/060/products/xanh-denc05d.png]
[bizweb.dktcdn.net/thumb/medium/100/147/060/products/doc05d.png]
[bizweb.dktcdn.net/thumb/medium/100/147/060/products/354588864-609309481297892-1436026760072090272-nc05d.png]
[bizweb.dktcdn.net/thumb/medium/100/147/060/products/vangc05d.png]
[bizweb.dktcdn.net/thumb/medium/100/147/060/products/xanh-denc05d.png]
[bizweb.dktcdn.net/thumb/small/100/147/060/products/354529020-609309447964562-4556618194602852582-na20a.jpg]
[bizweb.dktcdn.net/thumb/small/100/147/060/products/doc05d.png]
[bizweb.dktcdn.net/thumb/small/100/147/060/products/354588864-609309481297892-1436026760072090272-nc05d.png]
[bizweb.dktcdn.net/thumb/small/100/147/060/products/vangc05d.png]
[bizweb.dktcdn.net/thumb/small/100/147/060/products/xanh-denc05d.png]
[petshop.vn/khautrangtrum-lmz025.html]
[petshop.vn/goi-om-doremon-9942b.html]
[bizweb.dktcdn.net/thumb/medium/100/147/060/products/kvgordoxdd-02-14ce5918-2769-4af8-9472-2fab7acec2c0be59.jpg]
[bizweb.dktcdn.net/thumb/medium/100/147/060/products/kvgordoxdd-ngang-02-98427796-420f-4693-8d52-754a081c3edd4ea9.jpg]
[bizweb.dktcdn.net/thumb/grande/100/147/060/products/kvgordoxdd-02-14ce5918-2769-4af8-9472-2fab7acec2c0be59.jpg]
[bizweb.dktcdn.net/thumb/1024x1024/100/147/060/products/kvgordoxdd-02-14ce5918-2769-4af8-9472-2fab7acec2c0be59.jpg]
[bizweb.dktcdn.net/thumb/large/100/147/060/products/kvgordoxdd-02-14ce5918-2769-4af8-9472-2fab7acec2c0be59.jpg]
[bizweb.dktcdn.net/thumb/1024x1024/100/147/060/products/kvgordoxdd-ngang-02-98427796-420f-4693-8d52-754a081c3edd4ea9.jpg]
[bizweb.dktcdn.net/thumb/large/100/147/060/products/kvgordoxdd-ngang-02-98427796-420f-4693-8d52-754a081c3edd4ea9.jpg]
[petshop.vn/goi-om-doremon-9.html]
[petshop.vn/goi-om-doremon-11942b.html]
[bizweb.dktcdn.net/thumb/medium/100/147/060/products/kvgordoxdd-02-68ce9dea-20a9-4301-af47-87a7cbc97f97cdb7.jpg]
[bizweb.dktcdn.net/thumb/medium/100/147/060/products/kvgordoxdd-ngang-02-928cdf9b-1300-40fc-bde8-d85537bb7bb368a3.jpg]
[bizweb.dktcdn.net/thumb/grande/100/147/060/products/kvgordoxdd-02-68ce9dea-20a9-4301-af47-87a7cbc97f97cdb7.jpg]
[bizweb.dktcdn.net/thumb/1024x1024/100/147/060/products/kvgordoxdd-02-68ce9dea-20a9-4301-af47-87a7cbc97f97cdb7.jpg]
[bizweb.dktcdn.net/thumb/large/100/147/060/products/kvgordoxdd-02-68ce9dea-20a9-4301-af47-87a7cbc97f97cdb7.jpg]
[bizweb.dktcdn.net/thumb/1024x1024/100/147/060/products/kvgordoxdd-ngang-02-928cdf9b-1300-40fc-bde8-d85537bb7bb368a3.jpg]
[bizweb.dktcdn.net/thumb/large/100/147/060/products/kvgordoxdd-ngang-02-928cdf9b-1300-40fc-bde8-d85537bb7bb368a3.jpg]
[petshop.vn/goi-om-doremon-11.html]
[petshop.vn/frontpage.html]
[petshop.vn/tui-deo-cheo-pet-shop-lmcbg-012942b.html]
[bizweb.dktcdn.net/thumb/medium/100/147/060/products/td2b04.jpg]
[bizweb.dktcdn.net/thumb/medium/100/147/060/products/ded971.jpg]
[bizweb.dktcdn.net/thumb/medium/100/147/060/products/edddf4e.jpg]
[petshop.vn/tui-deo-cheo-nguoi-lon.html]
[bizweb.dktcdn.net/thumb/grande/100/147/060/products/td2b04.jpg]
[bizweb.dktcdn.net/thumb/1024x1024/100/147/060/products/td2b04.jpg]
[bizweb.dktcdn.net/thumb/large/100/147/060/products/td2b04.jpg]
[bizweb.dktcdn.net/thumb/1024x1024/100/147/060/products/ded971.jpg]
[bizweb.dktcdn.net/thumb/large/100/147/060/products/ded971.jpg]
[bizweb.dktcdn.net/thumb/1024x1024/100/147/060/products/edddf4e.jpg]
[bizweb.dktcdn.net/thumb/large/100/147/060/products/edddf4e.jpg]
[petshop.vn/balo-nguoi-lon-dobg-035.html]
[petshop.vn/balo-nguoi-lon-dbg-915.html]
[petshop.vn/tui-deo-cheo-pet-shop-lmcbg-012.html]
[petshop.vn/vo-goi-cuc-xuong-48942b.html]
[bizweb.dktcdn.net/thumb/medium/100/147/060/products/bai-130-p-36261.png]
[bizweb.dktcdn.net/thumb/grande/100/147/060/products/bai-130-p-36261.png]
[bizweb.dktcdn.net/thumb/1024x1024/100/147/060/products/bai-130-p-36261.png]
[bizweb.dktcdn.net/thumb/large/100/147/060/products/bai-130-p-36261.png]
[petshop.vn/vo-goi-cuc-xuong-48.html]
[petshop.vn/bo-chan-ga-goi-boc-hoa-kiki-kaikai-32942b.html]
[bizweb.dktcdn.net/thumb/medium/100/147/060/products/bai-117-p-1959bb.png]
[bizweb.dktcdn.net/thumb/grande/100/147/060/products/bai-117-p-1959bb.png]
[bizweb.dktcdn.net/thumb/1024x1024/100/147/060/products/bai-117-p-1959bb.png]
[bizweb.dktcdn.net/thumb/large/100/147/060/products/bai-117-p-1959bb.png]
[petshop.vn/bo-chan-ga-goi-boc-hoa-kiki-kaikai-32.html]
[petshop.vn/bo-chan-ga-goi-boc-hoa-buom-tinh-yeu-46942b.html]
[bizweb.dktcdn.net/thumb/medium/100/147/060/products/bai-117-l-261b56.png]
[bizweb.dktcdn.net/thumb/grande/100/147/060/products/bai-117-l-261b56.png]
[bizweb.dktcdn.net/thumb/1024x1024/100/147/060/products/bai-117-l-261b56.png]
[bizweb.dktcdn.net/thumb/large/100/147/060/products/bai-117-l-261b56.png]
[petshop.vn/bo-chan-ga-goi-boc-hoa-buom-tinh-yeu-46.html]
[petshop.vn/bo-chan-ga-goi-boc-gau-grizzly-17942b.html]
[bizweb.dktcdn.net/thumb/medium/100/147/060/products/ed1e0889-099f-4882-ba4b-a09d7741fbab-41cb5cf8-65b1-41e0-8a3e-c7b23d6dcbb559ee.png]
[bizweb.dktcdn.net/thumb/medium/100/147/060/products/8fd4d051-7597-4df3-96dd-40c5c5478681-ba3a779c-adbf-4722-bc11-5d9dd988d3444971.png]
[bizweb.dktcdn.net/thumb/medium/100/147/060/products/2cc5b561-1c7a-489c-8511-0c331cbda5ce-a968b8bd-4a8c-4b58-b394-355fd8c1aa070622.png]
[bizweb.dktcdn.net/thumb/grande/100/147/060/products/ed1e0889-099f-4882-ba4b-a09d7741fbab-41cb5cf8-65b1-41e0-8a3e-c7b23d6dcbb559ee.png]
[bizweb.dktcdn.net/thumb/1024x1024/100/147/060/products/ed1e0889-099f-4882-ba4b-a09d7741fbab-41cb5cf8-65b1-41e0-8a3e-c7b23d6dcbb559ee.png]
[bizweb.dktcdn.net/thumb/large/100/147/060/products/ed1e0889-099f-4882-ba4b-a09d7741fbab-41cb5cf8-65b1-41e0-8a3e-c7b23d6dcbb559ee.png]
[bizweb.dktcdn.net/thumb/1024x1024/100/147/060/products/8fd4d051-7597-4df3-96dd-40c5c5478681-ba3a779c-adbf-4722-bc11-5d9dd988d3444971.png]
[bizweb.dktcdn.net/thumb/large/100/147/060/products/8fd4d051-7597-4df3-96dd-40c5c5478681-ba3a779c-adbf-4722-bc11-5d9dd988d3444971.png]
[bizweb.dktcdn.net/thumb/1024x1024/100/147/060/products/2cc5b561-1c7a-489c-8511-0c331cbda5ce-a968b8bd-4a8c-4b58-b394-355fd8c1aa070622.png]
[bizweb.dktcdn.net/thumb/large/100/147/060/products/2cc5b561-1c7a-489c-8511-0c331cbda5ce-a968b8bd-4a8c-4b58-b394-355fd8c1aa070622.png]
[bizweb.dktcdn.net/thumb/1024x1024/100/147/060/products/0f485204-9b26-416b-91af-7f65c5af28ab-d204ead7-b45e-4e2d-a416-527d81f35cc1bb56.png]
[bizweb.dktcdn.net/thumb/large/100/147/060/products/0f485204-9b26-416b-91af-7f65c5af28ab-d204ead7-b45e-4e2d-a416-527d81f35cc1bb56.png]
[bizweb.dktcdn.net/thumb/1024x1024/100/147/060/products/15074f2e-8ee4-4033-854d-dbca2a2fa8cb-903c97ba-25ee-4592-b666-66fc852478b09152.png]
[bizweb.dktcdn.net/thumb/large/100/147/060/products/15074f2e-8ee4-4033-854d-dbca2a2fa8cb-903c97ba-25ee-4592-b666-66fc852478b09152.png]
[bizweb.dktcdn.net/thumb/1024x1024/100/147/060/products/e3a6d70b-17f6-43fb-a3b3-d57db175434b-9ccbbf95-372e-4b6b-a554-db28111775261d70.png]
[bizweb.dktcdn.net/thumb/large/100/147/060/products/e3a6d70b-17f6-43fb-a3b3-d57db175434b-9ccbbf95-372e-4b6b-a554-db28111775261d70.png]
[bizweb.dktcdn.net/thumb/1024x1024/100/147/060/products/8bc25c9a-e3d9-4b51-b47b-1e61a3323c48-cf0cd8eb-60f7-4293-b66c-e09a307259ee8ffa.png]
[bizweb.dktcdn.net/thumb/large/100/147/060/products/8bc25c9a-e3d9-4b51-b47b-1e61a3323c48-cf0cd8eb-60f7-4293-b66c-e09a307259ee8ffa.png]
[bizweb.dktcdn.net/thumb/1024x1024/100/147/060/products/d8cb186a-1573-4ae9-b6c2-e73840b48426-af7e5188-2d6f-4e6b-92df-f78b771366ccb9bc.png]
[bizweb.dktcdn.net/thumb/large/100/147/060/products/d8cb186a-1573-4ae9-b6c2-e73840b48426-af7e5188-2d6f-4e6b-92df-f78b771366ccb9bc.png]
[bizweb.dktcdn.net/thumb/1024x1024/100/147/060/products/5e6f7321-8f29-43f9-8d76-febd103a6a58-bb7193c0-23de-4a15-87e0-617aa56d943d6b4e.png]
[bizweb.dktcdn.net/thumb/large/100/147/060/products/5e6f7321-8f29-43f9-8d76-febd103a6a58-bb7193c0-23de-4a15-87e0-617aa56d943d6b4e.png]
[bizweb.dktcdn.net/thumb/1024x1024/100/147/060/products/783d33d3-ae26-409f-8855-d36552346a26-cc6000cd-662d-4cd7-9e19-a9abc7ec966f3b1b.png]
[bizweb.dktcdn.net/thumb/large/100/147/060/products/783d33d3-ae26-409f-8855-d36552346a26-cc6000cd-662d-4cd7-9e19-a9abc7ec966f3b1b.png]
[bizweb.dktcdn.net/thumb/1024x1024/100/147/060/products/da84ccfc-3c4d-4695-a76f-1d9f50a48edc-93535de7-c63f-42bb-8f34-d600546c20443b97.png]
[bizweb.dktcdn.net/thumb/large/100/147/060/products/da84ccfc-3c4d-4695-a76f-1d9f50a48edc-93535de7-c63f-42bb-8f34-d600546c20443b97.png]
[bizweb.dktcdn.net/thumb/1024x1024/100/147/060/products/bai-117-p-283b97.png]
[bizweb.dktcdn.net/thumb/large/100/147/060/products/bai-117-p-283b97.png]
[bizweb.dktcdn.net/thumb/medium/100/147/060/products/0f485204-9b26-416b-91af-7f65c5af28ab-d204ead7-b45e-4e2d-a416-527d81f35cc1bb56.png]
[bizweb.dktcdn.net/thumb/medium/100/147/060/products/15074f2e-8ee4-4033-854d-dbca2a2fa8cb-903c97ba-25ee-4592-b666-66fc852478b09152.png]
[bizweb.dktcdn.net/thumb/medium/100/147/060/products/e3a6d70b-17f6-43fb-a3b3-d57db175434b-9ccbbf95-372e-4b6b-a554-db28111775261d70.png]
[bizweb.dktcdn.net/thumb/medium/100/147/060/products/8bc25c9a-e3d9-4b51-b47b-1e61a3323c48-cf0cd8eb-60f7-4293-b66c-e09a307259ee8ffa.png]
[bizweb.dktcdn.net/thumb/medium/100/147/060/products/d8cb186a-1573-4ae9-b6c2-e73840b48426-af7e5188-2d6f-4e6b-92df-f78b771366ccb9bc.png]
[bizweb.dktcdn.net/thumb/medium/100/147/060/products/5e6f7321-8f29-43f9-8d76-febd103a6a58-bb7193c0-23de-4a15-87e0-617aa56d943d6b4e.png]
[bizweb.dktcdn.net/thumb/medium/100/147/060/products/783d33d3-ae26-409f-8855-d36552346a26-cc6000cd-662d-4cd7-9e19-a9abc7ec966f3b1b.png]
[bizweb.dktcdn.net/thumb/medium/100/147/060/products/da84ccfc-3c4d-4695-a76f-1d9f50a48edc-93535de7-c63f-42bb-8f34-d600546c20443b97.png]
[bizweb.dktcdn.net/thumb/medium/100/147/060/products/bai-117-p-283b97.png]
[petshop.vn/bo-chan-ga-goi-boc-gau-grizzly-17.html]
[petshop.vn/bo-chan-ga-goi-boc-hoa-kiki-kaikai-29942b.html]
[bizweb.dktcdn.net/thumb/medium/100/147/060/products/bai-117-p-2-43c02b2f-7b85-4cbe-ae5a-563b0c62edc450f0.png]
[bizweb.dktcdn.net/thumb/grande/100/147/060/products/bai-117-p-2-43c02b2f-7b85-4cbe-ae5a-563b0c62edc450f0.png]
[bizweb.dktcdn.net/thumb/1024x1024/100/147/060/products/bai-117-p-2-43c02b2f-7b85-4cbe-ae5a-563b0c62edc450f0.png]
[bizweb.dktcdn.net/thumb/large/100/147/060/products/bai-117-p-2-43c02b2f-7b85-4cbe-ae5a-563b0c62edc450f0.png]
[petshop.vn/bo-chan-ga-goi-boc-hoa-kiki-kaikai-29.html]
[petshop.vn/bo-chan-ga-goi-boc-gau-grizzly-16942b.html]
[bizweb.dktcdn.net/thumb/medium/100/147/060/products/ed1e0889-099f-4882-ba4b-a09d7741fbab-1c87a690-382e-44a2-8422-570bb7b59250cd1f.png]
[bizweb.dktcdn.net/thumb/medium/100/147/060/products/8fd4d051-7597-4df3-96dd-40c5c5478681-233eb702-a20b-4a73-bbd0-e5137e20e72dec9e.png]
[bizweb.dktcdn.net/thumb/medium/100/147/060/products/2cc5b561-1c7a-489c-8511-0c331cbda5ce-17de4b98-197c-4026-a170-fd72302a74e94960.png]
[bizweb.dktcdn.net/thumb/grande/100/147/060/products/ed1e0889-099f-4882-ba4b-a09d7741fbab-1c87a690-382e-44a2-8422-570bb7b59250cd1f.png]
[bizweb.dktcdn.net/thumb/1024x1024/100/147/060/products/ed1e0889-099f-4882-ba4b-a09d7741fbab-1c87a690-382e-44a2-8422-570bb7b59250cd1f.png]
[bizweb.dktcdn.net/thumb/large/100/147/060/products/ed1e0889-099f-4882-ba4b-a09d7741fbab-1c87a690-382e-44a2-8422-570bb7b59250cd1f.png]
[bizweb.dktcdn.net/thumb/1024x1024/100/147/060/products/8fd4d051-7597-4df3-96dd-40c5c5478681-233eb702-a20b-4a73-bbd0-e5137e20e72dec9e.png]
[bizweb.dktcdn.net/thumb/large/100/147/060/products/8fd4d051-7597-4df3-96dd-40c5c5478681-233eb702-a20b-4a73-bbd0-e5137e20e72dec9e.png]
[bizweb.dktcdn.net/thumb/1024x1024/100/147/060/products/2cc5b561-1c7a-489c-8511-0c331cbda5ce-17de4b98-197c-4026-a170-fd72302a74e94960.png]
[bizweb.dktcdn.net/thumb/large/100/147/060/products/2cc5b561-1c7a-489c-8511-0c331cbda5ce-17de4b98-197c-4026-a170-fd72302a74e94960.png]
[bizweb.dktcdn.net/thumb/1024x1024/100/147/060/products/0f485204-9b26-416b-91af-7f65c5af28ab-69da08f4-c564-4647-9fba-98f21addd2501bcc.png]
[bizweb.dktcdn.net/thumb/large/100/147/060/products/0f485204-9b26-416b-91af-7f65c5af28ab-69da08f4-c564-4647-9fba-98f21addd2501bcc.png]
[bizweb.dktcdn.net/thumb/1024x1024/100/147/060/products/15074f2e-8ee4-4033-854d-dbca2a2fa8cb-b1017c27-17a1-4f52-a382-eed1066bae516a0e.png]
[bizweb.dktcdn.net/thumb/large/100/147/060/products/15074f2e-8ee4-4033-854d-dbca2a2fa8cb-b1017c27-17a1-4f52-a382-eed1066bae516a0e.png]
[bizweb.dktcdn.net/thumb/1024x1024/100/147/060/products/e3a6d70b-17f6-43fb-a3b3-d57db175434b-5a84ca4d-7d80-4a48-854c-ecb642f0118118cb.png]
[bizweb.dktcdn.net/thumb/large/100/147/060/products/e3a6d70b-17f6-43fb-a3b3-d57db175434b-5a84ca4d-7d80-4a48-854c-ecb642f0118118cb.png]
[bizweb.dktcdn.net/thumb/1024x1024/100/147/060/products/8bc25c9a-e3d9-4b51-b47b-1e61a3323c48-abf22e21-c24d-45db-96ea-61cc7c1905c927f8.png]
[bizweb.dktcdn.net/thumb/large/100/147/060/products/8bc25c9a-e3d9-4b51-b47b-1e61a3323c48-abf22e21-c24d-45db-96ea-61cc7c1905c927f8.png]
[bizweb.dktcdn.net/thumb/1024x1024/100/147/060/products/d8cb186a-1573-4ae9-b6c2-e73840b48426-bed7e209-ce64-428c-a4d8-85f1740aa3a7e7a5.png]
[bizweb.dktcdn.net/thumb/large/100/147/060/products/d8cb186a-1573-4ae9-b6c2-e73840b48426-bed7e209-ce64-428c-a4d8-85f1740aa3a7e7a5.png]
[bizweb.dktcdn.net/thumb/1024x1024/100/147/060/products/5e6f7321-8f29-43f9-8d76-febd103a6a58-fdfdea76-dafb-463b-a778-8deb4a2281a9da08.png]
[bizweb.dktcdn.net/thumb/large/100/147/060/products/5e6f7321-8f29-43f9-8d76-febd103a6a58-fdfdea76-dafb-463b-a778-8deb4a2281a9da08.png]
[bizweb.dktcdn.net/thumb/1024x1024/100/147/060/products/783d33d3-ae26-409f-8855-d36552346a26-64c53a41-4243-48b0-9d82-cbc5d1c961d19c19.png]
[bizweb.dktcdn.net/thumb/large/100/147/060/products/783d33d3-ae26-409f-8855-d36552346a26-64c53a41-4243-48b0-9d82-cbc5d1c961d19c19.png]
[bizweb.dktcdn.net/thumb/1024x1024/100/147/060/products/da84ccfc-3c4d-4695-a76f-1d9f50a48edc-48bf1483-ffda-4af9-896b-f0284a69015b10c3.png]
[bizweb.dktcdn.net/thumb/large/100/147/060/products/da84ccfc-3c4d-4695-a76f-1d9f50a48edc-48bf1483-ffda-4af9-896b-f0284a69015b10c3.png]
[bizweb.dktcdn.net/thumb/1024x1024/100/147/060/products/bai-117-p-27-4385da73-013c-429d-af7f-60999fde28ed10c3.png]
[bizweb.dktcdn.net/thumb/large/100/147/060/products/bai-117-p-27-4385da73-013c-429d-af7f-60999fde28ed10c3.png]
[bizweb.dktcdn.net/thumb/medium/100/147/060/products/0f485204-9b26-416b-91af-7f65c5af28ab-69da08f4-c564-4647-9fba-98f21addd2501bcc.png]
[bizweb.dktcdn.net/thumb/medium/100/147/060/products/15074f2e-8ee4-4033-854d-dbca2a2fa8cb-b1017c27-17a1-4f52-a382-eed1066bae516a0e.png]
[bizweb.dktcdn.net/thumb/medium/100/147/060/products/e3a6d70b-17f6-43fb-a3b3-d57db175434b-5a84ca4d-7d80-4a48-854c-ecb642f0118118cb.png]
[bizweb.dktcdn.net/thumb/medium/100/147/060/products/8bc25c9a-e3d9-4b51-b47b-1e61a3323c48-abf22e21-c24d-45db-96ea-61cc7c1905c927f8.png]
[bizweb.dktcdn.net/thumb/medium/100/147/060/products/d8cb186a-1573-4ae9-b6c2-e73840b48426-bed7e209-ce64-428c-a4d8-85f1740aa3a7e7a5.png]
[bizweb.dktcdn.net/thumb/medium/100/147/060/products/5e6f7321-8f29-43f9-8d76-febd103a6a58-fdfdea76-dafb-463b-a778-8deb4a2281a9da08.png]
[bizweb.dktcdn.net/thumb/medium/100/147/060/products/783d33d3-ae26-409f-8855-d36552346a26-64c53a41-4243-48b0-9d82-cbc5d1c961d19c19.png]
[bizweb.dktcdn.net/thumb/medium/100/147/060/products/da84ccfc-3c4d-4695-a76f-1d9f50a48edc-48bf1483-ffda-4af9-896b-f0284a69015b10c3.png]
[bizweb.dktcdn.net/thumb/medium/100/147/060/products/bai-117-p-27-4385da73-013c-429d-af7f-60999fde28ed10c3.png]
[petshop.vn/bo-chan-ga-goi-boc-gau-grizzly-16.html]
[petshop.vn/khan-bep-dfz-131-1942b.html]
[bizweb.dktcdn.net/thumb/medium/100/147/060/products/1038019dfz-131-155-jpegefa6.jpg]
[bizweb.dktcdn.net/thumb/grande/100/147/060/products/1038019dfz-131-155-jpegefa6.jpg]
[bizweb.dktcdn.net/thumb/1024x1024/100/147/060/products/1038019dfz-131-155-jpegefa6.jpg]
[bizweb.dktcdn.net/thumb/large/100/147/060/products/1038019dfz-131-155-jpegefa6.jpg]
[petshop.vn/khan-bep-dfz-131-1.html]
[petshop.vn/khan-bep-nz-716-1942b.html]
[bizweb.dktcdn.net/thumb/medium/100/147/060/products/1358620nz-716-145-jpeg6eb6.jpg]
[bizweb.dktcdn.net/thumb/medium/100/147/060/products/1358308nz-716-jpegb14a.jpg]
[bizweb.dktcdn.net/thumb/grande/100/147/060/products/1358620nz-716-145-jpeg6eb6.jpg]
[bizweb.dktcdn.net/thumb/1024x1024/100/147/060/products/1358620nz-716-145-jpeg6eb6.jpg]
[bizweb.dktcdn.net/thumb/large/100/147/060/products/1358620nz-716-145-jpeg6eb6.jpg]
[bizweb.dktcdn.net/thumb/1024x1024/100/147/060/products/1358308nz-716-jpegb14a.jpg]
[bizweb.dktcdn.net/thumb/large/100/147/060/products/1358308nz-716-jpegb14a.jpg]
[petshop.vn/khan-bep-nz-716-1.html]
[petshop.vn/tui-treo-tuong-doz-100942b.html]
[bizweb.dktcdn.net/thumb/medium/100/147/060/products/3137174doz-100-260-jpegd166.jpg]
[bizweb.dktcdn.net/thumb/grande/100/147/060/products/3137174doz-100-260-jpegd166.jpg]
[bizweb.dktcdn.net/thumb/1024x1024/100/147/060/products/3137174doz-100-260-jpegd166.jpg]
[bizweb.dktcdn.net/thumb/large/100/147/060/products/3137174doz-100-260-jpegd166.jpg]
[petshop.vn/tui-treo-tuong-doz-100.html]
[petshop.vn/balo-nguoi-lon-dbg-189942b.html]
[bizweb.dktcdn.net/thumb/medium/100/147/060/products/dbg-189-13e75.jpg]
[bizweb.dktcdn.net/thumb/medium/100/147/060/products/dbg-189-2242e.jpg]
[bizweb.dktcdn.net/thumb/medium/100/147/060/products/dbg-189-32806.jpg]
[bizweb.dktcdn.net/thumb/grande/100/147/060/products/dbg-189-13e75.jpg]
[bizweb.dktcdn.net/thumb/1024x1024/100/147/060/products/dbg-189-13e75.jpg]
[bizweb.dktcdn.net/thumb/large/100/147/060/products/dbg-189-13e75.jpg]
[bizweb.dktcdn.net/thumb/1024x1024/100/147/060/products/dbg-189-2242e.jpg]
[bizweb.dktcdn.net/thumb/large/100/147/060/products/dbg-189-2242e.jpg]
[bizweb.dktcdn.net/thumb/1024x1024/100/147/060/products/dbg-189-32806.jpg]
[bizweb.dktcdn.net/thumb/large/100/147/060/products/dbg-189-32806.jpg]
[bizweb.dktcdn.net/thumb/1024x1024/100/147/060/products/dbg-189-4060a.jpg]
[bizweb.dktcdn.net/thumb/large/100/147/060/products/dbg-189-4060a.jpg]
[bizweb.dktcdn.net/thumb/1024x1024/100/147/060/products/dbg-189-52171.jpg]
[bizweb.dktcdn.net/thumb/large/100/147/060/products/dbg-189-52171.jpg]
[bizweb.dktcdn.net/thumb/medium/100/147/060/products/dbg-189-4060a.jpg]
[bizweb.dktcdn.net/thumb/medium/100/147/060/products/dbg-189-52171.jpg]
[petshop.vn/balo-nguoi-lon-dbg-189.html]
[petshop.vn/khau-trang-dhz-036-s-m-l942b.html]
[bizweb.dktcdn.net/thumb/medium/100/147/060/products/dhz-0361a35.jpg]
[bizweb.dktcdn.net/thumb/medium/100/147/060/products/z2562335741423-520a5f0965f3b964f783273766f01328e435.jpg]
[bizweb.dktcdn.net/thumb/medium/100/147/060/products/z2562335741406-f68ef8f12fe5656b13f38d24edbda7ae9ec9.jpg]
[bizweb.dktcdn.net/thumb/grande/100/147/060/products/dhz-0361a35.jpg]
[bizweb.dktcdn.net/thumb/1024x1024/100/147/060/products/dhz-0361a35.jpg]
[bizweb.dktcdn.net/thumb/large/100/147/060/products/dhz-0361a35.jpg]
[bizweb.dktcdn.net/thumb/1024x1024/100/147/060/products/z2562335741423-520a5f0965f3b964f783273766f01328e435.jpg]
[bizweb.dktcdn.net/thumb/large/100/147/060/products/z2562335741423-520a5f0965f3b964f783273766f01328e435.jpg]
[bizweb.dktcdn.net/thumb/1024x1024/100/147/060/products/z2562335741406-f68ef8f12fe5656b13f38d24edbda7ae9ec9.jpg]
[bizweb.dktcdn.net/thumb/large/100/147/060/products/z2562335741406-f68ef8f12fe5656b13f38d24edbda7ae9ec9.jpg]
[petshop.vn/khau-trang-dhz-036-s-m-l.html]
[petshop.vn/bop-vi-gap-dz-786942b.html]
[bizweb.dktcdn.net/thumb/medium/100/147/060/products/1w-b384e426-741d-4af4-aaa5-558abbb7e5e0c018.jpg]
[bizweb.dktcdn.net/thumb/medium/100/147/060/products/2w-f6b3d7db-674c-4b0e-bf43-676399cf19eb9984.jpg]
[bizweb.dktcdn.net/thumb/medium/100/147/060/products/3w-49871477-37b5-46b0-8b35-bf8eaf9a81ba3172.jpg]
[bizweb.dktcdn.net/thumb/grande/100/147/060/products/1w-b384e426-741d-4af4-aaa5-558abbb7e5e0c018.jpg]
[bizweb.dktcdn.net/thumb/1024x1024/100/147/060/products/1w-b384e426-741d-4af4-aaa5-558abbb7e5e0c018.jpg]
[bizweb.dktcdn.net/thumb/large/100/147/060/products/1w-b384e426-741d-4af4-aaa5-558abbb7e5e0c018.jpg]
[bizweb.dktcdn.net/thumb/1024x1024/100/147/060/products/2w-f6b3d7db-674c-4b0e-bf43-676399cf19eb9984.jpg]
[bizweb.dktcdn.net/thumb/large/100/147/060/products/2w-f6b3d7db-674c-4b0e-bf43-676399cf19eb9984.jpg]
[bizweb.dktcdn.net/thumb/1024x1024/100/147/060/products/3w-49871477-37b5-46b0-8b35-bf8eaf9a81ba3172.jpg]
[bizweb.dktcdn.net/thumb/large/100/147/060/products/3w-49871477-37b5-46b0-8b35-bf8eaf9a81ba3172.jpg]
[bizweb.dktcdn.net/thumb/1024x1024/100/147/060/products/4w-a7f6f3f2-92e4-49e2-b7ca-5f540d974db0966e.jpg]
[bizweb.dktcdn.net/thumb/large/100/147/060/products/4w-a7f6f3f2-92e4-49e2-b7ca-5f540d974db0966e.jpg]
[bizweb.dktcdn.net/thumb/medium/100/147/060/products/4w-a7f6f3f2-92e4-49e2-b7ca-5f540d974db0966e.jpg]
[petshop.vn/bop-vi-gap-dz-786.html]
[petshop.vn/ba-lo-tre-em-dbg-10m942b.html]
[bizweb.dktcdn.net/thumb/medium/100/147/060/products/logo-moi-1199e1.jpg]
[bizweb.dktcdn.net/thumb/medium/100/147/060/products/dbg-10m-1aa69.jpg]
[bizweb.dktcdn.net/thumb/medium/100/147/060/products/dbg-10m-29ecb.jpg]
[bizweb.dktcdn.net/thumb/grande/100/147/060/products/logo-moi-1199e1.jpg]
[bizweb.dktcdn.net/thumb/1024x1024/100/147/060/products/logo-moi-1199e1.jpg]
[bizweb.dktcdn.net/thumb/large/100/147/060/products/logo-moi-1199e1.jpg]
[bizweb.dktcdn.net/thumb/1024x1024/100/147/060/products/dbg-10m-1aa69.jpg]
[bizweb.dktcdn.net/thumb/large/100/147/060/products/dbg-10m-1aa69.jpg]
[bizweb.dktcdn.net/thumb/1024x1024/100/147/060/products/dbg-10m-29ecb.jpg]
[bizweb.dktcdn.net/thumb/large/100/147/060/products/dbg-10m-29ecb.jpg]
[bizweb.dktcdn.net/thumb/1024x1024/100/147/060/products/dbg-10m-34dcf.jpg]
[bizweb.dktcdn.net/thumb/large/100/147/060/products/dbg-10m-34dcf.jpg]
[bizweb.dktcdn.net/thumb/1024x1024/100/147/060/products/dbg-10m-4f510.jpg]
[bizweb.dktcdn.net/thumb/large/100/147/060/products/dbg-10m-4f510.jpg]
[bizweb.dktcdn.net/thumb/1024x1024/100/147/060/products/dbg-10m-5c6b8.jpg]
[bizweb.dktcdn.net/thumb/large/100/147/060/products/dbg-10m-5c6b8.jpg]
[bizweb.dktcdn.net/thumb/1024x1024/100/147/060/products/dbg-10m-6ea3d.jpg]
[bizweb.dktcdn.net/thumb/large/100/147/060/products/dbg-10m-6ea3d.jpg]
[bizweb.dktcdn.net/thumb/1024x1024/100/147/060/products/dbg-10m-79a97.jpg]
[bizweb.dktcdn.net/thumb/large/100/147/060/products/dbg-10m-79a97.jpg]
[bizweb.dktcdn.net/thumb/1024x1024/100/147/060/products/dbg-10m-880f9.jpg]
[bizweb.dktcdn.net/thumb/large/100/147/060/products/dbg-10m-880f9.jpg]
[bizweb.dktcdn.net/thumb/medium/100/147/060/products/dbg-10m-34dcf.jpg]
[bizweb.dktcdn.net/thumb/medium/100/147/060/products/dbg-10m-4f510.jpg]
[bizweb.dktcdn.net/thumb/medium/100/147/060/products/dbg-10m-5c6b8.jpg]
[bizweb.dktcdn.net/thumb/medium/100/147/060/products/dbg-10m-6ea3d.jpg]
[bizweb.dktcdn.net/thumb/medium/100/147/060/products/dbg-10m-79a97.jpg]
[bizweb.dktcdn.net/thumb/medium/100/147/060/products/dbg-10m-880f9.jpg]
[petshop.vn/ba-lo-tre-em-dbg-10m.html]
[petshop.vn/ba-lo-tre-em-dbg-556-1942b.html]
[bizweb.dktcdn.net/thumb/medium/100/147/060/products/dbg-556-6c360.jpg]
[bizweb.dktcdn.net/thumb/medium/100/147/060/products/dbg-556-5346e.jpg]
[bizweb.dktcdn.net/thumb/medium/100/147/060/products/dbg-556-78971.jpg]
[bizweb.dktcdn.net/thumb/grande/100/147/060/products/dbg-556-6c360.jpg]
[bizweb.dktcdn.net/thumb/1024x1024/100/147/060/products/dbg-556-6c360.jpg]
[bizweb.dktcdn.net/thumb/large/100/147/060/products/dbg-556-6c360.jpg]
[bizweb.dktcdn.net/thumb/1024x1024/100/147/060/products/dbg-556-5346e.jpg]
[bizweb.dktcdn.net/thumb/large/100/147/060/products/dbg-556-5346e.jpg]
[bizweb.dktcdn.net/thumb/1024x1024/100/147/060/products/dbg-556-78971.jpg]
[bizweb.dktcdn.net/thumb/large/100/147/060/products/dbg-556-78971.jpg]
[bizweb.dktcdn.net/thumb/1024x1024/100/147/060/products/dbg-556-48690.jpg]
[bizweb.dktcdn.net/thumb/large/100/147/060/products/dbg-556-48690.jpg]
[bizweb.dktcdn.net/thumb/1024x1024/100/147/060/products/dbg-556-3233e.jpg]
[bizweb.dktcdn.net/thumb/large/100/147/060/products/dbg-556-3233e.jpg]
[bizweb.dktcdn.net/thumb/1024x1024/100/147/060/products/dbg-556-2232c.jpg]
[bizweb.dktcdn.net/thumb/large/100/147/060/products/dbg-556-2232c.jpg]
[bizweb.dktcdn.net/thumb/1024x1024/100/147/060/products/dbg-556-105c1.jpg]
[bizweb.dktcdn.net/thumb/large/100/147/060/products/dbg-556-105c1.jpg]
[bizweb.dktcdn.net/thumb/medium/100/147/060/products/dbg-556-48690.jpg]
[bizweb.dktcdn.net/thumb/medium/100/147/060/products/dbg-556-3233e.jpg]
[bizweb.dktcdn.net/thumb/medium/100/147/060/products/dbg-556-2232c.jpg]
[bizweb.dktcdn.net/thumb/medium/100/147/060/products/dbg-556-105c1.jpg]
[petshop.vn/ba-lo-tre-em-dbg-556-1.html]
[petshop.vn/ba-lo-tre-em-dbg-380-1942b.html]
[bizweb.dktcdn.net/thumb/medium/100/147/060/products/dbg-380-12564.jpg]
[bizweb.dktcdn.net/thumb/medium/100/147/060/products/dbg-380-224c6.jpg]
[bizweb.dktcdn.net/thumb/medium/100/147/060/products/dbg-380-3b101.jpg]
[bizweb.dktcdn.net/thumb/grande/100/147/060/products/dbg-380-12564.jpg]
[bizweb.dktcdn.net/thumb/1024x1024/100/147/060/products/dbg-380-12564.jpg]
[bizweb.dktcdn.net/thumb/large/100/147/060/products/dbg-380-12564.jpg]
[bizweb.dktcdn.net/thumb/1024x1024/100/147/060/products/dbg-380-224c6.jpg]
[bizweb.dktcdn.net/thumb/large/100/147/060/products/dbg-380-224c6.jpg]
[bizweb.dktcdn.net/thumb/1024x1024/100/147/060/products/dbg-380-3b101.jpg]
[bizweb.dktcdn.net/thumb/large/100/147/060/products/dbg-380-3b101.jpg]
[bizweb.dktcdn.net/thumb/1024x1024/100/147/060/products/dbg-380-4a758.jpg]
[bizweb.dktcdn.net/thumb/large/100/147/060/products/dbg-380-4a758.jpg]
[bizweb.dktcdn.net/thumb/1024x1024/100/147/060/products/dbg-380-5694c.jpg]
[bizweb.dktcdn.net/thumb/large/100/147/060/products/dbg-380-5694c.jpg]
[bizweb.dktcdn.net/thumb/1024x1024/100/147/060/products/dbg-380-6b10e.jpg]
[bizweb.dktcdn.net/thumb/large/100/147/060/products/dbg-380-6b10e.jpg]
[petshop.vn/ba-lo-tre-em-dbg-380-1.html]
[petshop.vn/ba-lo-tre-em-dobg-148-1.html]
[petshop.vn/ba-lo-tre-em-dobg-257.html]
[petshop.vn/tin-tuc.html]
[petshop.vn/mach-ban-cach-chon-do-boi-hop-mot.html]
[petshop.vn/bi-quyet-chon-quan-jeans-nu-cai-thien-vong-3.html]
[petshop.vn/huong-dan-mua-hang.html]
[petshop.vn/quan-diem-kinh-doanh.html]
[petshop.vn/chinh-sach-doi-hang.html]
[petshop.vn/phuong-thuc-van-chuyen.html]
[petshop.vn/cart.html]
[bizweb.dktcdn.net/100/147/060/themes/880570/assets/header_promo_img_15a44.svg]
[bizweb.dktcdn.net/100/147/060/themes/880570/assets/bread-crumb.scssb828.css]
[bizweb.dktcdn.net/100/147/060/themes/880570/assets/evo-accounts.scssb828.css]
[bizweb.dktcdn.net/100/147/060/themes/880570/assets/account_order_style.scssb828.css]
[bizweb.dktcdn.net/100/147/060/themes/880570/assets/evo-collections.scssb828.css]
[petshop.vn/ao-khoac-nguoi-lon.html]
[petshop.vn/dam-bau.html]
[petshop.vn/dam-nguoi-lon.html]
[petshop.vn/do-bo-nguoi-lon.html]
[petshop.vn/quan-le-ao-le.html]
[petshop.vn/quan-ao-tre-em.html]
[petshop.vn/ao-khoac-tre-em.html]
[petshop.vn/dam-tre-em.html]
[petshop.vn/quan-ao-le-cho-tre-em.html]
[petshop.vn/bop-vi-tu-1-den-3-ngan.html]
[petshop.vn/bop-dung-but-viet.html]
[petshop.vn/bop-deo.html]
[petshop.vn/moc-chia-khoa.html]
[petshop.vn/bop-vi-gap.html]
[petshop.vn/bop-xach-tay.html]
[petshop.vn/bop-cam-tay-2-ngan-lmz-d-005.html]
[petshop.vn/bop-cam-tay-3-ngan-lmz-d-006.html]
[petshop.vn/goi-nam-tre-em-lmz-018p-xl-wi-55-x-35cm.html]
[petshop.vn/goi-nam-tre-em-lmz-014p-xl-wi-35x55cm-1.html]
[petshop.vn/goi-ca-sau-3.html]
[petshop.vn/goi-ca-sau-2.html]
[petshop.vn/ba-lo-nguoi-lon-dbg-333-3.html]
[petshop.vn/ba-lo-tre-em-dbg-011-1.html]
[petshop.vn/ba-lo-nguoi-lon-dbg-721-1.html]
[petshop.vn/ba-lo-tre-em-bg-292.html]
[petshop.vn/balo-tre-em-dfbg-164.html]
[petshop.vn/balo-nguoi-lon-dobg-033.html]
[petshop.vn/balo-nguoi-lon-dbg-968.html]
[petshop.vn/balo-tre-em-bg-377.html]
[petshop.vn/balo-tre-em-bg-085b.html]
[petshop.vn/do-bo-tre-em-rbktb-001-8-1.html]
[petshop.vn/do-bo-tre-em-nktb-202-6.html]
[petshop.vn/do-bo-tre-em-nktb-205-8.html]
[petshop.vn/balo-tre-em-bg-385.html]
[petshop.vn/non-tre-em-doz-946m.html]
[petshop.vn/non-tre-em-noz-167m.html]
[petshop.vn/non-tre-em-toz-226s-xs-s-m-l.html]
[petshop.vn/dep-tre-em-ncz-688xxs.html]
[petshop.vn/dep-doz-952-2.html]
[petshop.vn/ncz-687-1.html]
[petshop.vn/doz-956-s.html]
[petshop.vn/dep-az-046-m.html]
[petshop.vn/khau-trang-doz-896-m.html]
[petshop.vn/khau-trang-tgz-024-m.html]
[petshop.vn/quan-dai-phu-nu-dp-011l.html]
[petshop.vn/do-bo-nguoi-lon-np-017-l.html]
[petshop.vn/ao-tre-em-dkb-027-3.html]
[petshop.vn/quan-tre-em-dkp-020-3.html]
[petshop.vn/ao-tre-em-ekb-001-6.html]
[petshop.vn/ao-yem-tre-em-koa-014-2.html]
[petshop.vn/ao-tre-em-nkb-016-4.html]
[petshop.vn/quan-tre-em-nkp-014-4.html]
[petshop.vn/ao-tre-em-nktsa-008-6.html]
[petshop.vn/ao-tre-em-nktsa-009-2.html]
[petshop.vn/do-bo-tre-em-ncktb-010-8.html]
[petshop.vn/do-bo-tre-em-rbktb-001-8.html]
[petshop.vn/khau-trang-ncz-439-s-m-l.html]
[petshop.vn/khau-trang-dhz-045-s-m-l.html]
[petshop.vn/non-nguoi-lon-doz-935-l.html]
[petshop.vn/do-bo-tre-em-dfktb-014-3.html]
[petshop.vn/do-bo-tre-em-dfktb-015-4.html]
[petshop.vn/do-bo-tre-em-dktb-026-2.html]
[petshop.vn/do-bo-tre-em-dktb-037-3.html]
[petshop.vn/do-bo-tre-em-dktb-048-n-3.html]
[petshop.vn/non-tre-em-nz-897s-xs-s-m-l.html]
[petshop.vn/non-tre-em-nz-439s-xs-s-m-l.html]
[petshop.vn/non-tre-em-doz-473m-xs-s-m-l.html]
[petshop.vn/non-tre-em-noz-176.html]
[petshop.vn/non-tre-em-ncz-693.html]
[petshop.vn/non-tre-em-noz-154.html]
[petshop.vn/ncz-682-3.html]
[petshop.vn/dep-tre-em-dfz-173-s.html]
[petshop.vn/dep-doz-723-s.html]
[petshop.vn/dep-doz-768-l.html]
[petshop.vn/dep-dz-465m.html]
[petshop.vn/dep-dz-523-s.html]
[petshop.vn/dep-dz-677-l.html]
[petshop.vn/dep-ncz-060-xs.html]
[petshop.vn/bop-tui-vi-xach-tay-nz-781.html]
[petshop.vn/bo-ejs-229-l.html]
[petshop.vn/dam-thun-ejs-251-l.html]
[petshop.vn/dam-thun-ejs-249-l.html]
[petshop.vn/dam-thun-ejs-248-l.html]
[petshop.vn/dam-thun-ejs-239-l.html]
[petshop.vn/dam-thun-ejs-236-l.html]
[petshop.vn/dam-thun-ms-ejs-232-l.html]
[petshop.vn/dam-thun-ms-ejs-225-l.html]
[petshop.vn/dam-thun-ms-ejs-222a-l.html]
[petshop.vn/do-bo-nguoi-lon-dtb-009-d-l.html]
[petshop.vn/non-nguoi-lon-noz-112-m.html]
[petshop.vn/non-nguoi-lon-doz-937-s-m-l.html]
[petshop.vn/non-nguoi-lon-doz-323-m.html]
[petshop.vn/non-nguoi-lon-doz-462-m.html]
[petshop.vn/non-nguoi-lon-dz-390.html]
[petshop.vn/non-nguoi-lon-dz-390-s.html]
[petshop.vn/non-nguoi-lon-dz-772-m.html]
[petshop.vn/bo-chan-ga-goi-boc-hoa-kiki-kaikai-27.html]
[petshop.vn/bo-chan-ga-goi-boc-gau-grizzly-14.html]
[petshop.vn/bo-chan-ga-goi-boc-hoa-kiki-kaikai-24.html]
[petshop.vn/bo-chan-ga-goi-boc-hoa-kiki-kaikai-23.html]
[petshop.vn/bo-chan-ga-goi-boc-hoa-kiki-kaikai-21.html]
[petshop.vn/bo-chan-ga-goi-boc-hoa-kiki-kaikai-20.html]
[petshop.vn/bo-chan-ga-goi-boc-gau-grizzly-13.html]
[petshop.vn/goi-om-doremon-14.html]
[petshop.vn/goi-nam-doremon-12.html]
[petshop.vn/goi-nam-doremon-11.html]
[petshop.vn/goi-nam-doremon-10.html]
[petshop.vn/bo-chan-ga-goi-boc-gau-grizzly-11.html]
[petshop.vn/bo-chan-ga-goi-boc-gau-grizzly-7.html]
[petshop.vn/bo-chan-ga-goi-boc-gau-grizzly-6.html]
[petshop.vn/bo-chan-ga-goi-boc-gau-grizzly-3.html]
[petshop.vn/goi-nam-doremon-9.html]
[petshop.vn/goi-nam-doremon-8.html]
[petshop.vn/goi-nam-doremon-7.html]
[petshop.vn/goi-nam-tre-em-ncz-699p-m-wi.html]
[petshop.vn/goi-nam-tre-em-doz-997p-s-wi.html]
[petshop.vn/goi-nam-tre-em-doz-996p-wi.html]
[petshop.vn/goi-nam-tre-em-doz-993p-m-wi.html]
[petshop.vn/goi-nam-noz-215p-s-wi.html]
[petshop.vn/vo-goi-cuc-xuong-32-75-65.html]
[petshop.vn/vo-goi-cuc-xuong-32-75-64.html]
[petshop.vn/vo-goi-cuc-xuong-32-75-63.html]
[petshop.vn/vo-goi-cuc-xuong-32-75-62.html]
[petshop.vn/vo-goi-cuc-xuong-41-72-20.html]
[petshop.vn/vo-goi-cuc-xuong-32-75-61.html]
[petshop.vn/vo-goi-cuc-xuong-41-72-19.html]
[petshop.vn/vo-goi-cuc-xuong-41-72-18.html]
[petshop.vn/vo-goi-cuc-xuong-32-75-60.html]
[petshop.vn/vo-goi-cuc-xuong-32-75-59.html]
[petshop.vn/vo-goi-cuc-xuong-32-75-58.html]
[petshop.vn/chan-men-doz-556bl-xl-wi-dan-220cm-x-240cm.html]
[petshop.vn/chan-men-nguoi-lon-ncz-691bl-q-wi-dan-200cm-x-220cm.html]
[petshop.vn/chan-men-nguoi-lon-ncz-675bl-s-wi-dan-160cm-x-200cm.html]
[petshop.vn/chan-men-noz-175bl-xs-wi-dan-140cm-x-200cm.html]
[petshop.vn/men-tre-em-doz-969bl-xs-wi-120cm-x160cm.html]
[petshop.vn/ncz-048com-110cm-x-135cm.html]
[petshop.vn/men-tre-em-doz-968bl-xxs-wi-dan-90cm-x-110cm.html]
[petshop.vn/boc-chan-men-nz-122bl-xs-co-120-160cm.html]
[petshop.vn/chan-nz-122bl-xs-wo-120-x-160.html]
[petshop.vn/chan-ncz-133-com-102-x-135-cm.html]
[petshop.vn/chan-cuon-dz-863bl-com-wo-76-x-100.html]
[petshop.vn/chan-doz-556-bl-xs-wi-140-200.html]
[petshop.vn/set-nem-tre-em-ncz-048-ghep-le.html]
[petshop.vn/set-nem-tre-em-ncz-202-ghep-le.html]
[petshop.vn/copy-of-nem-m-009l-105cm-x-155cm.html]
[petshop.vn/nem-tre-em-ncz-202-mat-91-x-115cm.html]
[petshop.vn/nem-tre-em-dz-863-mat-70-x-95-cm.html]
[petshop.vn/nem-ncz-133-mat-90-x-115cm.html]
[petshop.vn/nem-tre-em-ncmt-002.html]
[petshop.vn/nem-m-009l.html]
[petshop.vn/nem-ncz-202-m-1.html]
[petshop.vn/tham-dz-011.html]
[petshop.vn/tham-rbz-073.html]
[petshop.vn/tham-tz-046.html]
[petshop.vn/tham-chui-chan-pet-shop-rbz-073.html]
[petshop.vn/vo-goi-ca-sau-39.html]
[petshop.vn/goi-om-doremon-13.html]
[petshop.vn/goi-om-doremon-12.html]
[petshop.vn/goi-om-doremon-10.html]
[petshop.vn/tui-treo-tuong-doz-382.html]
[petshop.vn/tui-treo-tuong-dz-129.html]
[petshop.vn/tui-treo-tuong-doz-902.html]
[petshop.vn/tui-treo-tuong-ncz-389.html]
[petshop.vn/tui-treo-tuong-nz-152.html]
[petshop.vn/tui-treo-tuong-nz-501.html]
[petshop.vn/tui-treo-tuong-nz-978.html]
[petshop.vn/tui-treo-tuong-rbz-113.html]
[petshop.vn/tui-treo-tuong-tz-110.html]
[petshop.vn/tap-de-ap-151.html]
[petshop.vn/tap-de-ap-154.html]
[petshop.vn/tap-de-ap-164.html]
[petshop.vn/tap-de-dap-014.html]
[petshop.vn/tap-de-dap-015.html]
[petshop.vn/bao-tay-bep-nz-125.html]
[petshop.vn/bao-tay-bep-nz-785.html]
[petshop.vn/bao-tay-bep-toz-169.html]
[petshop.vn/bao-tay-bep-nz-005-a.html]
[petshop.vn/bao-hop-khan-giay-doz-194.html]
[petshop.vn/bao-hop-khan-giay-doz-432.html]
[petshop.vn/bao-hop-khan-giay-doz-651.html]
[petshop.vn/bao-hop-khan-giay-doz-795.html]
[petshop.vn/bao-hop-khan-giay-dz-409.html]
[petshop.vn/mieng-nhac-noi-nz-005-a.html]
[petshop.vn/mieng-nhac-noi-nz-005b.html]
[petshop.vn/mieng-nhac-noi-nz-789.html]
[petshop.vn/tui-treo-tuong-nz-501-1.html]
[petshop.vn/tui-treo-tuong-doz-928.html]
[petshop.vn/tap-de-dap-055.html]
[petshop.vn/tap-de-dap-061.html]
[petshop.vn/balo-tre-em-dobg-012.html]
[petshop.vn/balo-tre-em-bbg-048.html]
[petshop.vn/balo-tre-em-bg-510.html]
[petshop.vn/balo-tre-em-dfbg-140.html]
[petshop.vn/balo-tre-em-dfbg-162.html]
[petshop.vn/balo-tre-em-lbg-093.html]
[petshop.vn/dam-thun-ejs-370-m.html]
[petshop.vn/dam-thun-ejs-326-m.html]
[petshop.vn/ejs-325-m.html]
[petshop.vn/dam-thun-ejs-324-m.html]
[petshop.vn/ao-nu-ms-eb-036.html]
[petshop.vn/ao-nu-ms-eb-047.html]
[petshop.vn/dam-nu-ms-ejs-013-1.html]
[petshop.vn/dam-nu-ms-ejs-024.html]
[petshop.vn/dam-nu-ms-ejs-027.html]
[petshop.vn/dam-thun-ejs-314-m.html]
[petshop.vn/dam-thun-ejs-261-m-s-m-l.html]
[petshop.vn/balo-tre-em-dbg-638.html]
[petshop.vn/dam-nu-ms-ejs-029.html]
[petshop.vn/dam-nu-ms-ejs-037.html]
[petshop.vn/dam-nu-ms-ejs-044.html]
[petshop.vn/dam-nu-ms-ejs-013.html]
[petshop.vn/dam-nu-ms-ejs-052.html]
[petshop.vn/dam-nu-ms-ejs-056.html]
[petshop.vn/dam-nu-ms-ejs-057.html]
[petshop.vn/dam-thun-ejs-251-m-s-m-l.html]
[petshop.vn/dam-thun-ejs-252-m-s-m-l.html]
[petshop.vn/dam-thun-ejs-249-m-s-m-l-1.html]
[petshop.vn/dam-thun-ejs-249-m-s-m-l.html]
[petshop.vn/dam-thun-ejs-248-m-s-m-l.html]
[petshop.vn/dam-thun-ejs-247-m-s-m-l.html]
[petshop.vn/dam-thun-ejs-244-m.html]
[petshop.vn/bop-3-ngan-doz-974.html]
[petshop.vn/bop-3-ngan-dhz-028-1.html]
[petshop.vn/bop-3-ngan-dhz-028.html]
[petshop.vn/boc-an-toan-boc-tay-nam-tu-lanh-doz-980.html]
[petshop.vn/bop-2-ngan-noz-290.html]
[petshop.vn/bop-3-ngan-doz-973.html]
[petshop.vn/bop-3-ngan-dhz-030.html]
[petshop.vn/tui-xach-dobg-203.html]
[petshop.vn/tui-xach-dobg-178.html]
[petshop.vn/tui-xach-dobg-127.html]
[petshop.vn/tui-dung-ipad-az-162.html]
[petshop.vn/goi-ke-co-toz-238.html]
[petshop.vn/goi-ke-co-nz-990.html]
[petshop.vn/goi-ke-co-nz-877.html]
[petshop.vn/goi-ke-co-nz-701-1.html]
[petshop.vn/goi-ke-co-noz-110l.html]
[petshop.vn/tui-deo-bung-tui-viet-kieu-ncz-697.html]
[petshop.vn/tui-deo-bung-tui-viet-kieu-dobg-231.html]
[petshop.vn/tui-deo-bung-tui-viet-kieu-dobg-230.html]
[petshop.vn/tui-deo-bung-tui-viet-kieu-abg-116.html]
[petshop.vn/khau-trang-noz-277-s-m-l.html]
[petshop.vn/goi-ke-co-noz-110-l.html]
[petshop.vn/goi-ke-co-noz-140.html]
[petshop.vn/goi-ke-co-az-214.html]
[petshop.vn/goi-ke-co-doz-38.html]
[petshop.vn/goi-ke-co-dz-875.html]
[petshop.vn/goi-ke-co-mz-131.html]
[petshop.vn/goi-ke-co-noz-035.html]
[petshop.vn/tui-dung-ipad-nz-998.html]
[petshop.vn/tui-deo-bung-doz-868.html]
[petshop.vn/tui-deo-bung-ncbg-359.html]
[petshop.vn/tui-deo-bung-ncz-192.html]
[petshop.vn/khau-trang-ncz-704-s-m-l.html]
[petshop.vn/khau-trang-dhz-001-s-m-l.html]
[petshop.vn/khau-trang-ncz-604-m.html]
[petshop.vn/khau-trang-doz-883.html]
[petshop.vn/khau-trang-dfz-154-m.html]
[petshop.vn/khau-trang-dfz-168-l.html]
[petshop.vn/khau-trang-dfz-187-m.html]
[petshop.vn/dam-thun-christlie-ejs-025-m.html]
[petshop.vn/dam-thun-christlie-ejs-026-m.html]
[petshop.vn/dam-thun-christlie-ejs-057-l.html]
[petshop.vn/vo-goi-cuc-xuong-46.html]
[bizweb.dktcdn.net/100/147/060/themes/880570/assets/evo-pages.scssb828.css]
[bizweb.dktcdn.net/100/147/060/themes/880570/assets/evo-contacts.scssb828.css]
[petshop.vn/bo-chan-ga-goi-boc-hoa-kiki-kaikai-25942b.html]
[bizweb.dktcdn.net/100/147/060/themes/880570/assets/evo-products.scssb828.css]
[bizweb.dktcdn.net/100/147/060/themes/880570/assets/picbox.scssb828.css]
[petshop.vn/bo-chan-ga-goi-boc-gau-grizzly-12942b.html]
[petshop.vn/bo-chan-ga-goi-boc-gau-grizzly-5942b.html]
[petshop.vn/nemmeosao-knbbms942b.html]
[petshop.vn/nemmeotim-knbbmt942b.html]
[petshop.vn/tuideocheo-lmcbg011942b.html]
[petshop.vn/san-pham-ban-chay-trong-thang.html]
[petshop.vn/goi-om-mickey-57942b.html]
[petshop.vn/khautrangtrum-lmz025942b.html]
[petshop.vn/goi-om-doremon-9942b.html]
[petshop.vn/goi-om-doremon-11942b.html]
[petshop.vn/tui-deo-cheo-pet-shop-lmcbg-012942b.html]
[petshop.vn/tui-deo-cheo-nguoi-lon.html]
[petshop.vn/balo-nguoi-lon-dobg-035.html]
[petshop.vn/balo-nguoi-lon-dbg-915.html]
[petshop.vn/vo-goi-cuc-xuong-48942b.html]
[petshop.vn/bo-chan-ga-goi-boc-hoa-kiki-kaikai-32942b.html]
[petshop.vn/bo-chan-ga-goi-boc-hoa-buom-tinh-yeu-46942b.html]
[petshop.vn/bo-chan-ga-goi-boc-gau-grizzly-17942b.html]
[petshop.vn/bo-chan-ga-goi-boc-hoa-kiki-kaikai-29942b.html]
[petshop.vn/bo-chan-ga-goi-boc-gau-grizzly-16942b.html]
[petshop.vn/khan-bep-dfz-131-1942b.html]
[petshop.vn/khan-bep-nz-716-1942b.html]
[petshop.vn/tui-treo-tuong-doz-100942b.html]
[petshop.vn/balo-nguoi-lon-dbg-189942b.html]
[petshop.vn/khau-trang-dhz-036-s-m-l942b.html]
[petshop.vn/bop-vi-gap-dz-786942b.html]
[petshop.vn/ba-lo-tre-em-dbg-10m942b.html]
[petshop.vn/ba-lo-tre-em-dbg-556-1942b.html]
[petshop.vn/ba-lo-tre-em-dbg-380-1942b.html]
